Arguments: 
  C:\Program Files\nodejs\node.exe C:\Program Files\nodejs\node_modules\yarn\bin\yarn.js add @types/flowbite

PATH: 
  C:\Program Files (x86)\VMware\VMware Workstation\bin\;C:\Windows\System32\WindowsPowerShell\v1.0\;C:\Python310\Scripts\;C:\Python310\;C:\Windows\system32;C:\Windows;C:\Windows\System32\Wbem;C:\Windows\System32\OpenSSH\;C:\Program Files (x86)\NVIDIA Corporation\PhysX\Common;C:\Program Files\NVIDIA Corporation\NVIDIA NvDLISR;C:\Users\DDonohue\AppData\Roaming\nvm;C:\Program Files\nodejs;C:\Python27;C:\Python27\Scripts;C:\Python310;C:\Python310\Scripts;C:\ProgramData\chocolatey\bin;C:\Program Files (x86)\Microsoft SQL Server\150\DTS\Binn\;C:\Program Files\Azure Data Studio\bin;C:\Program Files\dotnet\;C:\Program Files\Docker\Docker\resources\bin;C:\ProgramData\DockerDesktop\version-bin;C:\Program Files\Git\cmd;C:\Users\DDonohue\AppData\Local\Microsoft\WindowsApps;C:\Users\DDonohue\AppData\Roaming\nvm;C:\Program Files\nodejs;C:\Users\DDonohue\AppData\Local\Programs\Microsoft VS Code\bin;C:\Program Files\Azure Data Studio\bin;C:\Users\DDonohue\.dotnet\tools

Yarn version: 
  1.22.17

Node version: 
  16.13.1

Platform: 
  win32 x64

Trace: 
  Error: https://registry.yarnpkg.com/@types%2fflowbite: Not found
      at Request.params.callback [as _callback] (C:\Users\DDonohue\AppData\Roaming\nvm\v16.13.1\node_modules\yarn\lib\cli.js:67029:18)
      at Request.self.callback (C:\Users\DDonohue\AppData\Roaming\nvm\v16.13.1\node_modules\yarn\lib\cli.js:140883:22)
      at Request.emit (node:events:390:28)
      at Request.<anonymous> (C:\Users\DDonohue\AppData\Roaming\nvm\v16.13.1\node_modules\yarn\lib\cli.js:141855:10)
      at Request.emit (node:events:390:28)
      at IncomingMessage.<anonymous> (C:\Users\DDonohue\AppData\Roaming\nvm\v16.13.1\node_modules\yarn\lib\cli.js:141777:12)
      at Object.onceWrapper (node:events:509:28)
      at IncomingMessage.emit (node:events:402:35)
      at endReadableNT (node:internal/streams/readable:1343:12)
      at processTicksAndRejections (node:internal/process/task_queues:83:21)

npm manifest: 
  {
    "name": "vitesome",
    "version": "1.1.1",
    "description": "A simple opinionated Vue3 Starter Template with Vite.js",
    "scripts": {
      "dev": "vite --open --host",
      "build": "vue-tsc --noEmit && vite build",
      "serve": "vite preview"
    },
    "dependencies": {
      "chart.js": "^3.7.1",
      "flowbite": "^1.4.2",
      "vue": "^3.2.31",
      "vue-chart-3": "^3.1.8",
      "vue-grid-layout": "3.0.0-beta1",
      "vue-i18n": "^9.2.0-beta.34",
      "vue-router": "^4.0.14",
      "vuex": "^4.0.2"
    },
    "devDependencies": {
      "@iconify/iconify": "^2.2.1",
      "@iconify/json": "^2.1.24",
      "@intlify/vite-plugin-vue-i18n": "^3.3.1",
      "@types/node": "^17.0.23",
      "@vitejs/plugin-vue": "^2.3.1",
      "@vueuse/core": "^8.2.4",
      "autoprefixer": "^10.4.4",
      "pathe": "^0.2.0",
      "postcss": "^8.4.12",
      "tailwindcss": "^3.0.24",
      "typescript": "^4.6.3",
      "unplugin-vue-components": "^0.18.5",
      "vite": "^2.9.1",
      "vite-plugin-fonts": "^0.3.0",
      "vite-plugin-purge-icons": "^0.8.1",
      "vite-svg-loader": "^3.2.0",
      "vue-tsc": "^0.33.9"
    }
  }

yarn manifest: 
  No manifest

Lockfile: 
  # THIS IS AN AUTOGENERATED FILE. DO NOT EDIT THIS FILE DIRECTLY.
  # yarn lockfile v1
  
  
  "@antfu/utils@^0.5.0":
    "integrity" "sha512-8Afo0+xvYe1K8Wm4xHTymfTkpzy36aaqDvhXIayUwl+mecMG9Xzl3XjXa6swG6Bk8FBeQ646RyvmsYt6+2Be9g=="
    "resolved" "https://registry.npmjs.org/@antfu/utils/-/utils-0.5.1.tgz"
    "version" "0.5.1"
  
  "@babel/parser@^7.15.8", "@babel/parser@^7.16.4":
    "integrity" "sha512-vqUSBLP8dQHFPdPi9bc5GK9vRkYHJ49fsZdtoJ8EQ8ibpwk5rPKfvNIwChB0KVXcIjcepEBBd2VHC5r9Gy8ueg=="
    "resolved" "https://registry.npmjs.org/@babel/parser/-/parser-7.17.9.tgz"
    "version" "7.17.9"
  
  "@iconify/iconify@^2.2.1", "@iconify/iconify@>=2.0.0-rc.6":
    "integrity" "sha512-WJzw+3iicrF/tbjbxxRinSgy5FHdJoz/egTqwi3xCDkNRJPq482RX1iyaWrjNuY2vMNSPkQMuqHvZDXgA+WnwQ=="
    "resolved" "https://registry.npmjs.org/@iconify/iconify/-/iconify-2.2.1.tgz"
    "version" "2.2.1"
  
  "@iconify/iconify@2.1.2":
    "integrity" "sha512-QcUzFeEWkE/mW+BVtEGmcWATClcCOIJFiYUD/PiCWuTcdEA297o8D4oN6Ra44WrNOHu1wqNW4J0ioaDIiqaFOQ=="
    "resolved" "https://registry.npmjs.org/@iconify/iconify/-/iconify-2.1.2.tgz"
    "version" "2.1.2"
    dependencies:
      "cross-fetch" "^3.1.5"
  
  "@iconify/json@^2.1.24":
    "integrity" "sha512-mxaB9gr4sSAKUq6GJdXV42YC7tkJ9WOZW6/8zGXciiA1cjLLyHe73GJl6qpnc53G8SDSSXWClQC5RHWNz/HIBQ=="
    "resolved" "https://registry.npmjs.org/@iconify/json/-/json-2.1.30.tgz"
    "version" "2.1.30"
    dependencies:
      "@iconify/types" "^1.1.0"
      "pathe" "^0.2.0"
  
  "@iconify/types@^1.1.0":
    "integrity" "sha512-Jh0llaK2LRXQoYsorIH8maClebsnzTcve+7U3rQUSnC11X4jtPnFuyatqFLvMxZ8MLG8dB4zfHsbPfuvxluONw=="
    "resolved" "https://registry.npmjs.org/@iconify/types/-/types-1.1.0.tgz"
    "version" "1.1.0"
  
  "@interactjs/actions@^1.10.2", "@interactjs/actions@1.10.11":
    "integrity" "sha512-P39zeefr4hkmKx+5nZ+mrH1s0l2YJ3gIHrthXmE81n6MlMa42m0WtHcTms4C5JTTNBP2EEDY+KGgGxSnmJKvUw=="
    "resolved" "https://registry.npmjs.org/@interactjs/actions/-/actions-1.10.11.tgz"
    "version" "1.10.11"
    optionalDependencies:
      "@interactjs/interact" "1.10.11"
  
  "@interactjs/auto-scroll@1.10.11":
    "integrity" "sha512-feHNjhi0EMNLV2nQcEgjYPz2mI54aeSW2RiaoNtFLyBvtXKp0b4DmluwDv6DvuXmUpDwD5g/Hk1gGM2rgl7iqQ=="
    "resolved" "https://registry.npmjs.org/@interactjs/auto-scroll/-/auto-scroll-1.10.11.tgz"
    "version" "1.10.11"
    optionalDependencies:
      "@interactjs/interact" "1.10.11"
  
  "@interactjs/auto-start@^1.10.2", "@interactjs/auto-start@1.10.11":
    "integrity" "sha512-cIg5CcalCPtC6AiGq6j/0hKUtL2MweEpvw12FuB19sz2Q9Dye0J4GliHKhOYvtumNinnvfVAZ4FZMqZEuX7YZA=="
    "resolved" "https://registry.npmjs.org/@interactjs/auto-start/-/auto-start-1.10.11.tgz"
    "version" "1.10.11"
    optionalDependencies:
      "@interactjs/interact" "1.10.11"
  
  "@interactjs/core@1.10.11":
    "integrity" "sha512-aJ50ccVeszpJt7wPH7Yfqm7f1aG1SA94qd90P0NaESh5/QUXn4CESO6igobo4DFHQ5z+1Rfdl8aphP4JxlH4gw=="
    "resolved" "https://registry.npmjs.org/@interactjs/core/-/core-1.10.11.tgz"
    "version" "1.10.11"
  
  "@interactjs/dev-tools@^1.10.2", "@interactjs/dev-tools@1.10.11":
    "integrity" "sha512-BP2FNfMbF7zLuOAUGMkDhCo1e1B0fnqyb9ih/Y8yAIJuoLrZxP/9htbsS1vZOIVZ4UgtrId4cYOwfcAZBMQtmw=="
    "resolved" "https://registry.npmjs.org/@interactjs/dev-tools/-/dev-tools-1.10.11.tgz"
    "version" "1.10.11"
    optionalDependencies:
      "@interactjs/interact" "1.10.11"
  
  "@interactjs/inertia@1.10.11":
    "integrity" "sha512-h+sknCzRqBSyHy4ctPNsq56mxkAMMdwHWD6en7rDEw899gdGKYaXVDVdv1jMfiwNRw0eRFBNoCiol8r3a/a3Jw=="
    "resolved" "https://registry.npmjs.org/@interactjs/inertia/-/inertia-1.10.11.tgz"
    "version" "1.10.11"
    dependencies:
      "@interactjs/offset" "1.10.11"
    optionalDependencies:
      "@interactjs/interact" "1.10.11"
  
  "@interactjs/interact@1.10.11":
    "integrity" "sha512-0iZJ9l547JuBA/lKxK4ARGYVmMqRSsAdA8gXL1zWe51qEIQq8PyWmMipoi8JbDaL7exC2THKwkXu5uq5ndT+iA=="
    "resolved" "https://registry.npmjs.org/@interactjs/interact/-/interact-1.10.11.tgz"
    "version" "1.10.11"
    dependencies:
      "@interactjs/core" "1.10.11"
      "@interactjs/types" "1.10.11"
      "@interactjs/utils" "1.10.11"
  
  "@interactjs/interactjs@^1.10.2":
    "integrity" "sha512-cGOxf6rp3Y8/sk88LhIT0XDn4gCiCzAnUG5Kkj9SAqiUO6BK/9+Wbp1IBkNaPgl/8uG8gNHh/dXBrlBBNcqJAg=="
    "resolved" "https://registry.npmjs.org/@interactjs/interactjs/-/interactjs-1.10.11.tgz"
    "version" "1.10.11"
    dependencies:
      "@interactjs/actions" "1.10.11"
      "@interactjs/auto-scroll" "1.10.11"
      "@interactjs/auto-start" "1.10.11"
      "@interactjs/core" "1.10.11"
      "@interactjs/dev-tools" "1.10.11"
      "@interactjs/inertia" "1.10.11"
      "@interactjs/interact" "1.10.11"
      "@interactjs/modifiers" "1.10.11"
      "@interactjs/offset" "1.10.11"
      "@interactjs/pointer-events" "1.10.11"
      "@interactjs/reflow" "1.10.11"
      "@interactjs/utils" "1.10.11"
  
  "@interactjs/modifiers@^1.10.2", "@interactjs/modifiers@1.10.11":
    "integrity" "sha512-ltqX1RSqeAIikixlQBlyEUdclT5+rbfIGi3sIdLLYaIZQnltYkWqL9MHKx/w5b+hV+Mc0p5MLUFWJbTdkSCZ9g=="
    "resolved" "https://registry.npmjs.org/@interactjs/modifiers/-/modifiers-1.10.11.tgz"
    "version" "1.10.11"
    dependencies:
      "@interactjs/snappers" "1.10.11"
    optionalDependencies:
      "@interactjs/interact" "1.10.11"
  
  "@interactjs/offset@1.10.11":
    "integrity" "sha512-mBT7eIfy5ivofECiv+VwtEwwIMLV54fT9ujSMWJPduxdSYIHepUWgEf/3zjJknFh6jQc7pqz9dtjvVvyzRCLlQ=="
    "resolved" "https://registry.npmjs.org/@interactjs/offset/-/offset-1.10.11.tgz"
    "version" "1.10.11"
    optionalDependencies:
      "@interactjs/interact" "1.10.11"
  
  "@interactjs/pointer-events@1.10.11":
    "integrity" "sha512-yBT8JJVMZ+MgBay5l1WAHnL8ch/mZsRfaFahti+QFYeQyRloDtsWmEMDSYI/Onyy9+hS3gN/ge77ArGciZZ0Ow=="
    "resolved" "https://registry.npmjs.org/@interactjs/pointer-events/-/pointer-events-1.10.11.tgz"
    "version" "1.10.11"
    optionalDependencies:
      "@interactjs/interact" "1.10.11"
  
  "@interactjs/reflow@1.10.11":
    "integrity" "sha512-NSCtcCkjImOYSbxzzv2kFqR9t49J8KlhEr9UoePc7GyLbNXsiv3WQ3n0ehZd7CgZXQDiVXnP2UnmIOv5Zd4HQg=="
    "resolved" "https://registry.npmjs.org/@interactjs/reflow/-/reflow-1.10.11.tgz"
    "version" "1.10.11"
    optionalDependencies:
      "@interactjs/interact" "1.10.11"
  
  "@interactjs/snappers@1.10.11":
    "integrity" "sha512-yYtOMUZ7aFUZ1IYheq9Tj5hZ4J1r5dnaXhLF44WsI/awQ5L0DjZf07GPWof0B+7rZHEVudxyQNbPfFmb+1K94Q=="
    "resolved" "https://registry.npmjs.org/@interactjs/snappers/-/snappers-1.10.11.tgz"
    "version" "1.10.11"
    optionalDependencies:
      "@interactjs/interact" "1.10.11"
  
  "@interactjs/types@1.10.11":
    "integrity" "sha512-YRsVFWjL8Gkkvlx3qnjeaxW4fnibSJ9791g8BA7Pv5ANByI64WmtR1vU7A2rXcrOn8XvyCEfY0ss1s8NhZP+MA=="
    "resolved" "https://registry.npmjs.org/@interactjs/types/-/types-1.10.11.tgz"
    "version" "1.10.11"
  
  "@interactjs/utils@1.10.11":
    "integrity" "sha512-410ZoxKF+r1roeSelL+WHXfdryUMg5iykC1XwQ3l6XqNw43IMACzyvTH6k6Pwxj7w7x42nce0Qdn1GQ3Y8xyCw=="
    "resolved" "https://registry.npmjs.org/@interactjs/utils/-/utils-1.10.11.tgz"
    "version" "1.10.11"
  
  "@intlify/bundle-utils@^2.2.2":
    "integrity" "sha512-vngkvlIVV8ZJoyC5VqMvqJd2nvsx+qMN7pQjPiPjOrVndeiR7Dlue0k86Q8FsFUzyksW3HJZZi833ldxwbFzTA=="
    "resolved" "https://registry.npmjs.org/@intlify/bundle-utils/-/bundle-utils-2.2.2.tgz"
    "version" "2.2.2"
    dependencies:
      "@intlify/message-compiler" "^9.1.0"
      "@intlify/shared" "^9.1.0"
      "jsonc-eslint-parser" "^1.0.1"
      "source-map" "^0.6.1"
      "yaml-eslint-parser" "^0.3.2"
  
  "@intlify/core-base@9.2.0-beta.35":
    "integrity" "sha512-53yuCpo2ov5OKdvBTvE5zKMo2clLVqNORwkcY9TUu0B+yrOeDwLWQnbPJnOoDu5KkRdbdXlMxnHNCpJ5vlGZ1g=="
    "resolved" "https://registry.npmjs.org/@intlify/core-base/-/core-base-9.2.0-beta.35.tgz"
    "version" "9.2.0-beta.35"
    dependencies:
      "@intlify/devtools-if" "9.2.0-beta.35"
      "@intlify/message-compiler" "9.2.0-beta.35"
      "@intlify/shared" "9.2.0-beta.35"
      "@intlify/vue-devtools" "9.2.0-beta.35"
  
  "@intlify/devtools-if@9.2.0-beta.35":
    "integrity" "sha512-y3+7M+eS9mqeXTBa1QWAvt4nsjwWJ5G4xT+G3IFtd7Vb2CQHwli229n0avD+VdlDGwWCDWpLkny8QWtdNEYpOA=="
    "resolved" "https://registry.npmjs.org/@intlify/devtools-if/-/devtools-if-9.2.0-beta.35.tgz"
    "version" "9.2.0-beta.35"
    dependencies:
      "@intlify/shared" "9.2.0-beta.35"
  
  "@intlify/message-compiler@^9.1.0":
    "integrity" "sha512-6YgCMF46Xd0IH2hMRLCssZI3gFG4aywidoWQ3QP4RGYQXQYYfFC54DxhSgfIPpVoPLQ+4AD29eoYmhiHZ+qLFQ=="
    "resolved" "https://registry.npmjs.org/@intlify/message-compiler/-/message-compiler-9.1.9.tgz"
    "version" "9.1.9"
    dependencies:
      "@intlify/message-resolver" "9.1.9"
      "@intlify/shared" "9.1.9"
      "source-map" "0.6.1"
  
  "@intlify/message-compiler@9.2.0-beta.35":
    "integrity" "sha512-wYQCgnRtyJ40HK3bJTrszHDaxqDXZH+9Ps7RsXNuNwZ9hIb1cVkLiUNIbuJS/XSJ1kATJXA6K+4if6ZLb0Ozxw=="
    "resolved" "https://registry.npmjs.org/@intlify/message-compiler/-/message-compiler-9.2.0-beta.35.tgz"
    "version" "9.2.0-beta.35"
    dependencies:
      "@intlify/shared" "9.2.0-beta.35"
      "source-map" "0.6.1"
  
  "@intlify/message-resolver@9.1.9":
    "integrity" "sha512-Lx/DBpigeK0sz2BBbzv5mu9/dAlt98HxwbG7xLawC3O2xMF9MNWU5FtOziwYG6TDIjNq0O/3ZbOJAxwITIWXEA=="
    "resolved" "https://registry.npmjs.org/@intlify/message-resolver/-/message-resolver-9.1.9.tgz"
    "version" "9.1.9"
  
  "@intlify/shared@^9.1.0", "@intlify/shared@9.1.9":
    "integrity" "sha512-xKGM1d0EAxdDFCWedcYXOm6V5Pfw/TMudd6/qCdEb4tv0hk9EKeg7lwQF1azE0dP2phvx0yXxrt7UQK+IZjNdw=="
    "resolved" "https://registry.npmjs.org/@intlify/shared/-/shared-9.1.9.tgz"
    "version" "9.1.9"
  
  "@intlify/shared@9.2.0-beta.35":
    "integrity" "sha512-DXf7xrwf08GKhr93XPQ8EgaEN0CIELl+mAS6SlRhi/aLtZv5HSGSMkz4M/ICwoWzFLSgOx/ZdBSasex19MMogg=="
    "resolved" "https://registry.npmjs.org/@intlify/shared/-/shared-9.2.0-beta.35.tgz"
    "version" "9.2.0-beta.35"
  
  "@intlify/vite-plugin-vue-i18n@^3.3.1":
    "integrity" "sha512-XXcZBgwJ+3FRu11c4ARoY9N00kElPii0/jNZ49qR045Ka7/YGCwb1Ku14BBlMSEHiHDSjLQknLwrJKSQGVZLyA=="
    "resolved" "https://registry.npmjs.org/@intlify/vite-plugin-vue-i18n/-/vite-plugin-vue-i18n-3.4.0.tgz"
    "version" "3.4.0"
    dependencies:
      "@intlify/bundle-utils" "^2.2.2"
      "@intlify/shared" "^9.1.0"
      "@rollup/pluginutils" "^4.1.0"
      "debug" "^4.3.1"
      "fast-glob" "^3.2.5"
      "source-map" "0.6.1"
  
  "@intlify/vue-devtools@9.2.0-beta.35":
    "integrity" "sha512-h7nf5F7AV4uKrr7zKTIyv8EOaIv4yAXuo7tvnFsp5uF8FO+kpBwWDm5csw9v9neyz42hiINJSP0Amou9M2ShEA=="
    "resolved" "https://registry.npmjs.org/@intlify/vue-devtools/-/vue-devtools-9.2.0-beta.35.tgz"
    "version" "9.2.0-beta.35"
    dependencies:
      "@intlify/core-base" "9.2.0-beta.35"
      "@intlify/shared" "9.2.0-beta.35"
  
  "@nodelib/fs.scandir@2.1.5":
    "integrity" "sha512-vq24Bq3ym5HEQm2NKCr3yXDwjc7vTsEThRDnkp2DK9p1uqLR+DHurm/NOTo0KG7HYHU7eppKZj3MyqYuMBf62g=="
    "resolved" "https://registry.npmjs.org/@nodelib/fs.scandir/-/fs.scandir-2.1.5.tgz"
    "version" "2.1.5"
    dependencies:
      "@nodelib/fs.stat" "2.0.5"
      "run-parallel" "^1.1.9"
  
  "@nodelib/fs.stat@^2.0.2", "@nodelib/fs.stat@2.0.5":
    "integrity" "sha512-RkhPPp2zrqDAQA/2jNhnztcPAlv64XdhIp7a7454A5ovI7Bukxgt7MX7udwAu3zg1DcpPU0rz3VV1SeaqvY4+A=="
    "resolved" "https://registry.npmjs.org/@nodelib/fs.stat/-/fs.stat-2.0.5.tgz"
    "version" "2.0.5"
  
  "@nodelib/fs.walk@^1.2.3":
    "integrity" "sha512-oGB+UxlgWcgQkgwo8GcEGwemoTFt3FIO9ababBmaGwXIoBKZ+GTy0pP185beGg7Llih/NSHSV2XAs1lnznocSg=="
    "resolved" "https://registry.npmjs.org/@nodelib/fs.walk/-/fs.walk-1.2.8.tgz"
    "version" "1.2.8"
    dependencies:
      "@nodelib/fs.scandir" "2.1.5"
      "fastq" "^1.6.0"
  
  "@popperjs/core@^2.9.3":
    "integrity" "sha512-9X2obfABZuDVLCgPK9aX0a/x4jaOEweTTWE2+9sr0Qqqevj2Uv5XorvusThmc9XGYpS9yI+fhh8RTafBtGposw=="
    "resolved" "https://registry.npmjs.org/@popperjs/core/-/core-2.11.5.tgz"
    "version" "2.11.5"
  
  "@purge-icons/core@^0.8.0":
    "integrity" "sha512-8L6hP1U9XQO5B7kvquVJ5N7jzFvO0LZLXhBCjUQzzJzi42i6MAUanVKROApqbBuh21o9tmPwvNUg0xPe/uftRA=="
    "resolved" "https://registry.npmjs.org/@purge-icons/core/-/core-0.8.0.tgz"
    "version" "0.8.0"
    dependencies:
      "@iconify/iconify" "2.1.2"
      "axios" "^0.26.0"
      "debug" "^4.3.3"
      "fast-glob" "^3.2.11"
      "fs-extra" "^10.0.1"
  
  "@purge-icons/generated@^0.8.1":
    "integrity" "sha512-rIExGA33EGKEToqtc8WfpboaR7or1XRp+KV1Y5v/P0Rq7G5Me95DmP3ow/MpG7ql+XZ9xPzyS2naGRx5358+6Q=="
    "resolved" "https://registry.npmjs.org/@purge-icons/generated/-/generated-0.8.1.tgz"
    "version" "0.8.1"
    dependencies:
      "@iconify/iconify" ">=2.0.0-rc.6"
  
  "@rollup/pluginutils@^4.1.0", "@rollup/pluginutils@^4.2.0":
    "integrity" "sha512-iKnFXr7NkdZAIHiIWE+BX5ULi/ucVFYWD6TbAV+rZctiRTY2PL6tsIKhoIOaoskiWAkgu+VsbXgUVDNLHf+InQ=="
    "resolved" "https://registry.npmjs.org/@rollup/pluginutils/-/pluginutils-4.2.1.tgz"
    "version" "4.2.1"
    dependencies:
      "estree-walker" "^2.0.1"
      "picomatch" "^2.2.2"
  
  "@trysound/sax@0.2.0":
    "integrity" "sha512-L7z9BgrNEcYyUYtF+HaEfiS5ebkh9jXqbszz7pC0hRBPaatV0XjSD3+eHrpqFemQfgwiFF0QPIarnIihIDn7OA=="
    "resolved" "https://registry.npmjs.org/@trysound/sax/-/sax-0.2.0.tgz"
    "version" "0.2.0"
  
  "@types/node@^17.0.23":
    "integrity" "sha512-wANk6fBrUwdpY4isjWrKTufkrXdu1D2YHCot2fD/DfWxF5sMrVSA+KN7ydckvaTCh0HiqX9IVl0L5/ZoXg5M7w=="
    "resolved" "https://registry.npmjs.org/@types/node/-/node-17.0.25.tgz"
    "version" "17.0.25"
  
  "@vitejs/plugin-vue@^2.3.1":
    "integrity" "sha512-YNzBt8+jt6bSwpt7LP890U1UcTOIZZxfpE5WOJ638PNxSEKOqAi0+FSKS0nVeukfdZ0Ai/H7AFd6k3hayfGZqQ=="
    "resolved" "https://registry.npmjs.org/@vitejs/plugin-vue/-/plugin-vue-2.3.1.tgz"
    "version" "2.3.1"
  
  "@volar/code-gen@0.33.9":
    "integrity" "sha512-HI+XemEjvOv9uSjqaNXIL1brSTaBy9vRTcXqz9787nL5VKktI8aU1Zk4w9yJR88eTqw7mlPIdMaib7Ps/QPq8Q=="
    "resolved" "https://registry.npmjs.org/@volar/code-gen/-/code-gen-0.33.9.tgz"
    "version" "0.33.9"
    dependencies:
      "@volar/source-map" "0.33.9"
  
  "@volar/pug-language-service@0.33.9":
    "integrity" "sha512-3oOV0HmoqkCyPAiHXSMoDzbLrSEQQv3d1dY/Lfo4H8hGoS8kUYJ958328TuLFc90yzsSmYnuvIux5AUok138pg=="
    "resolved" "https://registry.npmjs.org/@volar/pug-language-service/-/pug-language-service-0.33.9.tgz"
    "version" "0.33.9"
    dependencies:
      "@volar/code-gen" "0.33.9"
      "@volar/shared" "0.33.9"
      "@volar/source-map" "0.33.9"
      "@volar/transforms" "0.33.9"
      "pug-lexer" "^5.0.1"
      "pug-parser" "^6.0.0"
      "vscode-languageserver-textdocument" "^1.0.3"
      "vscode-languageserver-types" "^3.17.0-next.6"
  
  "@volar/shared@0.33.9":
    "integrity" "sha512-YqEBYT1SjyO+/W73lyKZlftumimsrYGvd98pHrIyvgc6HNhFnCcthRbyHskstjU6P8Bgj90mRl+7Sb29J+Z5ng=="
    "resolved" "https://registry.npmjs.org/@volar/shared/-/shared-0.33.9.tgz"
    "version" "0.33.9"
    dependencies:
      "upath" "^2.0.1"
      "vscode-jsonrpc" "^8.0.0-next.5"
      "vscode-uri" "^3.0.3"
  
  "@volar/source-map@0.33.9":
    "integrity" "sha512-SE7dfumZ8pLsbj4DtiSDTg2/d/JT45nF51rUnuz1UNSBPEeXBexlzvz5EQ2AyrX0FjAAd2ijrRtirTk1a0SFhQ=="
    "resolved" "https://registry.npmjs.org/@volar/source-map/-/source-map-0.33.9.tgz"
    "version" "0.33.9"
  
  "@volar/transforms@0.33.9":
    "integrity" "sha512-qdc2d0ZW/G6jCx1pBmoMjMJTY245pZJjpPL/OCT3zgbDLGvLvqhowXxQYQd2YiNXqxJvbadEKviH5LiZL3sU9g=="
    "resolved" "https://registry.npmjs.org/@volar/transforms/-/transforms-0.33.9.tgz"
    "version" "0.33.9"
    dependencies:
      "@volar/shared" "0.33.9"
      "vscode-languageserver-types" "^3.17.0-next.6"
  
  "@volar/vue-code-gen@0.33.9":
    "integrity" "sha512-qRCXcBhm1kUlI06sW5zolavn8gqZdSC2eIWw7jgbW68K/cGlTyXHGGZgJPM9P22cF9pcrjV1ByehO18ke2u+aA=="
    "resolved" "https://registry.npmjs.org/@volar/vue-code-gen/-/vue-code-gen-0.33.9.tgz"
    "version" "0.33.9"
    dependencies:
      "@volar/code-gen" "0.33.9"
      "@volar/source-map" "0.33.9"
      "@vue/compiler-core" "^3.2.27"
      "@vue/compiler-dom" "^3.2.27"
      "@vue/shared" "^3.2.27"
  
  "@volar/vue-typescript@0.33.9":
    "integrity" "sha512-UUViaQfzAV7z49TB+IsGCT6ls7zdEUib2N0L4k8U9nZbd2BQA4kcR9nyS/8oDOU5fK3ErP+pPlC+XzGGamKhcw=="
    "resolved" "https://registry.npmjs.org/@volar/vue-typescript/-/vue-typescript-0.33.9.tgz"
    "version" "0.33.9"
    dependencies:
      "@volar/code-gen" "0.33.9"
      "@volar/pug-language-service" "0.33.9"
      "@volar/source-map" "0.33.9"
      "@volar/vue-code-gen" "0.33.9"
      "@vue/compiler-sfc" "^3.2.27"
      "@vue/reactivity" "^3.2.27"
  
  "@vue/compiler-core@^3.2.27", "@vue/compiler-core@3.2.33":
    "integrity" "sha512-AAmr52ji3Zhk7IKIuigX2osWWsb2nQE5xsdFYjdnmtQ4gymmqXbjLvkSE174+fF3A3kstYrTgGkqgOEbsdLDpw=="
    "resolved" "https://registry.npmjs.org/@vue/compiler-core/-/compiler-core-3.2.33.tgz"
    "version" "3.2.33"
    dependencies:
      "@babel/parser" "^7.16.4"
      "@vue/shared" "3.2.33"
      "estree-walker" "^2.0.2"
      "source-map" "^0.6.1"
  
  "@vue/compiler-dom@^3.2.27", "@vue/compiler-dom@3.2.33":
    "integrity" "sha512-GhiG1C8X98Xz9QUX/RlA6/kgPBWJkjq0Rq6//5XTAGSYrTMBgcLpP9+CnlUg1TFxnnCVughAG+KZl28XJqw8uQ=="
    "resolved" "https://registry.npmjs.org/@vue/compiler-dom/-/compiler-dom-3.2.33.tgz"
    "version" "3.2.33"
    dependencies:
      "@vue/compiler-core" "3.2.33"
      "@vue/shared" "3.2.33"
  
  "@vue/compiler-sfc@^3.2.20", "@vue/compiler-sfc@^3.2.27", "@vue/compiler-sfc@3.2.33":
    "integrity" "sha512-H8D0WqagCr295pQjUYyO8P3IejM3vEzeCO1apzByAEaAR/WimhMYczHfZVvlCE/9yBaEu/eu9RdiWr0kF8b71Q=="
    "resolved" "https://registry.npmjs.org/@vue/compiler-sfc/-/compiler-sfc-3.2.33.tgz"
    "version" "3.2.33"
    dependencies:
      "@babel/parser" "^7.16.4"
      "@vue/compiler-core" "3.2.33"
      "@vue/compiler-dom" "3.2.33"
      "@vue/compiler-ssr" "3.2.33"
      "@vue/reactivity-transform" "3.2.33"
      "@vue/shared" "3.2.33"
      "estree-walker" "^2.0.2"
      "magic-string" "^0.25.7"
      "postcss" "^8.1.10"
      "source-map" "^0.6.1"
  
  "@vue/compiler-ssr@3.2.33":
    "integrity" "sha512-XQh1Xdk3VquDpXsnoCd7JnMoWec9CfAzQDQsaMcSU79OrrO2PNR0ErlIjm/mGq3GmBfkQjzZACV+7GhfRB8xMQ=="
    "resolved" "https://registry.npmjs.org/@vue/compiler-ssr/-/compiler-ssr-3.2.33.tgz"
    "version" "3.2.33"
    dependencies:
      "@vue/compiler-dom" "3.2.33"
      "@vue/shared" "3.2.33"
  
  "@vue/devtools-api@^6.0.0", "@vue/devtools-api@^6.0.0-beta.11", "@vue/devtools-api@^6.0.0-beta.13":
    "integrity" "sha512-IiA0SvDrJEgXvVxjNkHPFfDx6SXw0b/TUkqMcDZWNg9fnCAHbTpoo59YfJ9QLFkwa3raau5vSlRVzMSLDnfdtQ=="
    "resolved" "https://registry.npmjs.org/@vue/devtools-api/-/devtools-api-6.1.4.tgz"
    "version" "6.1.4"
  
  "@vue/reactivity-transform@3.2.33":
    "integrity" "sha512-4UL5KOIvSQb254aqenW4q34qMXbfZcmEsV/yVidLUgvwYQQ/D21bGX3DlgPUGI3c4C+iOnNmDCkIxkILoX/Pyw=="
    "resolved" "https://registry.npmjs.org/@vue/reactivity-transform/-/reactivity-transform-3.2.33.tgz"
    "version" "3.2.33"
    dependencies:
      "@babel/parser" "^7.16.4"
      "@vue/compiler-core" "3.2.33"
      "@vue/shared" "3.2.33"
      "estree-walker" "^2.0.2"
      "magic-string" "^0.25.7"
  
  "@vue/reactivity@^3.2.27", "@vue/reactivity@3.2.33":
    "integrity" "sha512-62Sq0mp9/0bLmDuxuLD5CIaMG2susFAGARLuZ/5jkU1FCf9EDbwUuF+BO8Ub3Rbodx0ziIecM/NsmyjardBxfQ=="
    "resolved" "https://registry.npmjs.org/@vue/reactivity/-/reactivity-3.2.33.tgz"
    "version" "3.2.33"
    dependencies:
      "@vue/shared" "3.2.33"
  
  "@vue/runtime-core@3.2.33", "@vue/runtime-core@latest":
    "integrity" "sha512-N2D2vfaXsBPhzCV3JsXQa2NECjxP3eXgZlFqKh4tgakp3iX6LCGv76DLlc+IfFZq+TW10Y8QUfeihXOupJ1dGw=="
    "resolved" "https://registry.npmjs.org/@vue/runtime-core/-/runtime-core-3.2.33.tgz"
    "version" "3.2.33"
    dependencies:
      "@vue/reactivity" "3.2.33"
      "@vue/shared" "3.2.33"
  
  "@vue/runtime-dom@3.2.33", "@vue/runtime-dom@latest":
    "integrity" "sha512-LSrJ6W7CZTSUygX5s8aFkraDWlO6K4geOwA3quFF2O+hC3QuAMZt/0Xb7JKE3C4JD4pFwCSO7oCrZmZ0BIJUnw=="
    "resolved" "https://registry.npmjs.org/@vue/runtime-dom/-/runtime-dom-3.2.33.tgz"
    "version" "3.2.33"
    dependencies:
      "@vue/runtime-core" "3.2.33"
      "@vue/shared" "3.2.33"
      "csstype" "^2.6.8"
  
  "@vue/server-renderer@3.2.33":
    "integrity" "sha512-4jpJHRD4ORv8PlbYi+/MfP8ec1okz6rybe36MdpkDrGIdEItHEUyaHSKvz+ptNEyQpALmmVfRteHkU9F8vxOew=="
    "resolved" "https://registry.npmjs.org/@vue/server-renderer/-/server-renderer-3.2.33.tgz"
    "version" "3.2.33"
    dependencies:
      "@vue/compiler-ssr" "3.2.33"
      "@vue/shared" "3.2.33"
  
  "@vue/shared@^3.2.27", "@vue/shared@3.2.33":
    "integrity" "sha512-UBc1Pg1T3yZ97vsA2ueER0F6GbJebLHYlEi4ou1H5YL4KWvMOOWwpYo9/QpWq93wxKG6Wo13IY74Hcn/f7c7Bg=="
    "resolved" "https://registry.npmjs.org/@vue/shared/-/shared-3.2.33.tgz"
    "version" "3.2.33"
  
  "@vueuse/core@^8.2.4":
    "integrity" "sha512-GDHM0vr/E3mw1fbh3yj4DJCJ/KvTXtOtT0OR2kCKuEUOo0Btk45MDGI6MdIqsHMjI0OXBJl8jH8WFv64KU2mOQ=="
    "resolved" "https://registry.npmjs.org/@vueuse/core/-/core-8.3.0.tgz"
    "version" "8.3.0"
    dependencies:
      "@vueuse/metadata" "8.3.0"
      "@vueuse/shared" "8.3.0"
      "vue-demi" "*"
  
  "@vueuse/metadata@8.3.0":
    "integrity" "sha512-7R/LNPQWp1r/owa2e71l3dFlJ21p89YE3ks14ZclP2VOTvhC6AzDRcpk+ChISNetv8spsFbWZj/Z7sFjbFZfuw=="
    "resolved" "https://registry.npmjs.org/@vueuse/metadata/-/metadata-8.3.0.tgz"
    "version" "8.3.0"
  
  "@vueuse/shared@8.3.0":
    "integrity" "sha512-xehtLfevPw9nsVIGFe/tWMtFvbvZjeAfXh7DT9Fptt/6/C5rLwpJtxsVguIBtPybjwobO4KCpQYS78aa9fg5Sw=="
    "resolved" "https://registry.npmjs.org/@vueuse/shared/-/shared-8.3.0.tgz"
    "version" "8.3.0"
    dependencies:
      "vue-demi" "*"
  
  "acorn-jsx@^5.2.0":
    "integrity" "sha512-rq9s+JNhf0IChjtDXxllJ7g41oZk5SlXtp0LHwyA5cejwn7vKmKp4pPri6YEePv2PU65sAsegbXtIinmDFDXgQ=="
    "resolved" "https://registry.npmjs.org/acorn-jsx/-/acorn-jsx-5.3.2.tgz"
    "version" "5.3.2"
  
  "acorn-node@^1.6.1":
    "integrity" "sha512-8mt+fslDufLYntIoPAaIMUe/lrbrehIiwmR3t2k9LljIzoigEPF27eLk2hy8zSGzmR/ogr7zbRKINMo1u0yh5A=="
    "resolved" "https://registry.npmjs.org/acorn-node/-/acorn-node-1.8.2.tgz"
    "version" "1.8.2"
    dependencies:
      "acorn" "^7.0.0"
      "acorn-walk" "^7.0.0"
      "xtend" "^4.0.2"
  
  "acorn-walk@^7.0.0":
    "integrity" "sha512-OPdCF6GsMIP+Az+aWfAAOEt2/+iVDKE7oy6lJ098aoe59oAmK76qV6Gw60SbZ8jHuG2wH058GF4pLFbYamYrVA=="
    "resolved" "https://registry.npmjs.org/acorn-walk/-/acorn-walk-7.2.0.tgz"
    "version" "7.2.0"
  
  "acorn@^6.0.0 || ^7.0.0 || ^8.0.0", "acorn@^7.0.0", "acorn@^7.1.1", "acorn@^7.4.1":
    "integrity" "sha512-nQyp0o1/mNdbTO1PO6kHkwSrmgZ0MT/jCCpNiwbUjGoRN4dlBhqJtoQuCnEOKzgTVwg0ZWiCoQy6SxMebQVh8A=="
    "resolved" "https://registry.npmjs.org/acorn/-/acorn-7.4.1.tgz"
    "version" "7.4.1"
  
  "anymatch@~3.1.2":
    "integrity" "sha512-P43ePfOAIupkguHUycrc4qJ9kz8ZiuOUijaETwX7THt0Y/GNK7v0aa8rY816xWjZ7rJdA5XdMcpVFTKMq+RvWg=="
    "resolved" "https://registry.npmjs.org/anymatch/-/anymatch-3.1.2.tgz"
    "version" "3.1.2"
    dependencies:
      "normalize-path" "^3.0.0"
      "picomatch" "^2.0.4"
  
  "arg@^5.0.1":
    "integrity" "sha512-e0hDa9H2Z9AwFkk2qDlwhoMYE4eToKarchkQHovNdLTCYMHZHeRjI71crOh+dio4K6u1IcwubQqo79Ga4CyAQA=="
    "resolved" "https://registry.npmjs.org/arg/-/arg-5.0.1.tgz"
    "version" "5.0.1"
  
  "autoprefixer@^10.4.4":
    "integrity" "sha512-Tm8JxsB286VweiZ5F0anmbyGiNI3v3wGv3mz9W+cxEDYB/6jbnj6GM9H9mK3wIL8ftgl+C07Lcwb8PG5PCCPzA=="
    "resolved" "https://registry.npmjs.org/autoprefixer/-/autoprefixer-10.4.4.tgz"
    "version" "10.4.4"
    dependencies:
      "browserslist" "^4.20.2"
      "caniuse-lite" "^1.0.30001317"
      "fraction.js" "^4.2.0"
      "normalize-range" "^0.1.2"
      "picocolors" "^1.0.0"
      "postcss-value-parser" "^4.2.0"
  
  "axios@^0.26.0":
    "integrity" "sha512-fPwcX4EvnSHuInCMItEhAGnaSEXRBjtzh9fOtsE6E1G6p7vl7edEeZe11QHf18+6+9gR5PbKV/sGKNaD8YaMeA=="
    "resolved" "https://registry.npmjs.org/axios/-/axios-0.26.1.tgz"
    "version" "0.26.1"
    dependencies:
      "follow-redirects" "^1.14.8"
  
  "balanced-match@^1.0.0":
    "integrity" "sha512-3oSeUO0TMV67hN1AmbXsK4yaqU7tjiHlbxRDZOpH0KW9+CeX4bRAaX0Anxt0tx2MrpRpWwQaPwIlISEJhYU5Pw=="
    "resolved" "https://registry.npmjs.org/balanced-match/-/balanced-match-1.0.2.tgz"
    "version" "1.0.2"
  
  "batch-processor@1.0.0":
    "integrity" "sha1-dclcMrdI4IUNEMKxaPa9vpiRrOg="
    "resolved" "https://registry.npmjs.org/batch-processor/-/batch-processor-1.0.0.tgz"
    "version" "1.0.0"
  
  "binary-extensions@^2.0.0":
    "integrity" "sha512-jDctJ/IVQbZoJykoeHbhXpOlNBqGNcwXJKJog42E5HDPUwQTSdjCHdihjj0DlnheQ7blbT6dHOafNAiS8ooQKA=="
    "resolved" "https://registry.npmjs.org/binary-extensions/-/binary-extensions-2.2.0.tgz"
    "version" "2.2.0"
  
  "boolbase@^1.0.0":
    "integrity" "sha1-aN/1++YMUes3cl6p4+0xDcwed24="
    "resolved" "https://registry.npmjs.org/boolbase/-/boolbase-1.0.0.tgz"
    "version" "1.0.0"
  
  "brace-expansion@^2.0.1":
    "integrity" "sha512-XnAIvQ8eM+kC6aULx6wuQiwVsnzsi9d3WxzV3FpWTGA19F621kwdbsAcFKXgKUHZWsy+mY6iL1sHTxWEFCytDA=="
    "resolved" "https://registry.npmjs.org/brace-expansion/-/brace-expansion-2.0.1.tgz"
    "version" "2.0.1"
    dependencies:
      "balanced-match" "^1.0.0"
  
  "braces@^3.0.2", "braces@~3.0.2":
    "integrity" "sha512-b8um+L1RzM3WDSzvhm6gIz1yfTbBt6YTlcEKAvsmqCZZFw46z626lVj9j1yEPW33H5H+lBQpZMP1k8l+78Ha0A=="
    "resolved" "https://registry.npmjs.org/braces/-/braces-3.0.2.tgz"
    "version" "3.0.2"
    dependencies:
      "fill-range" "^7.0.1"
  
  "browserslist@^4.20.2":
    "integrity" "sha512-CQOBCqp/9pDvDbx3xfMi+86pr4KXIf2FDkTTdeuYw8OxS9t898LA1Khq57gtufFILXpfgsSx5woNgsBgvGjpsA=="
    "resolved" "https://registry.npmjs.org/browserslist/-/browserslist-4.20.2.tgz"
    "version" "4.20.2"
    dependencies:
      "caniuse-lite" "^1.0.30001317"
      "electron-to-chromium" "^1.4.84"
      "escalade" "^3.1.1"
      "node-releases" "^2.0.2"
      "picocolors" "^1.0.0"
  
  "call-bind@^1.0.2":
    "integrity" "sha512-7O+FbCihrB5WGbFYesctwmTKae6rOiIzmz1icreWJ+0aA7LJfuqhEso2T9ncpcFtzMQtzXf2QGGueWJGTYsqrA=="
    "resolved" "https://registry.npmjs.org/call-bind/-/call-bind-1.0.2.tgz"
    "version" "1.0.2"
    dependencies:
      "function-bind" "^1.1.1"
      "get-intrinsic" "^1.0.2"
  
  "camelcase-css@^2.0.1":
    "integrity" "sha512-QOSvevhslijgYwRx6Rv7zKdMF8lbRmx+uQGx2+vDc+KI/eBnsy9kit5aj23AgGu3pa4t9AgwbnXWqS+iOY+2aA=="
    "resolved" "https://registry.npmjs.org/camelcase-css/-/camelcase-css-2.0.1.tgz"
    "version" "2.0.1"
  
  "caniuse-lite@^1.0.30001317":
    "integrity" "sha512-10T30NYOEQtN6C11YGg411yebhvpnC6Z102+B95eAsN0oB6KUs01ivE8u+G6FMIRtIrVlYXhL+LUwQ3/hXwDWw=="
    "resolved" "https://registry.npmjs.org/caniuse-lite/-/caniuse-lite-1.0.30001332.tgz"
    "version" "1.0.30001332"
  
  "character-parser@^2.2.0":
    "integrity" "sha1-x84o821LzZdE5f/CxfzeHHMmH8A="
    "resolved" "https://registry.npmjs.org/character-parser/-/character-parser-2.2.0.tgz"
    "version" "2.2.0"
    dependencies:
      "is-regex" "^1.0.3"
  
  "chart.js@^3.7.1", "chart.js@=> ^3.1.0":
    "integrity" "sha512-8knRegQLFnPQAheZV8MjxIXc5gQEfDFD897BJgv/klO/vtIyFFmgMXrNfgrXpbTr/XbTturxRgxIXx/Y+ASJBA=="
    "resolved" "https://registry.npmjs.org/chart.js/-/chart.js-3.7.1.tgz"
    "version" "3.7.1"
  
  "chokidar@^3.5.3":
    "integrity" "sha512-Dr3sfKRP6oTcjf2JmUmFJfeVMvXBdegxB0iVQ5eb2V10uFJUCAS8OByZdVAyVb8xXNz3GjjTgj9kLWsZTqE6kw=="
    "resolved" "https://registry.npmjs.org/chokidar/-/chokidar-3.5.3.tgz"
    "version" "3.5.3"
    dependencies:
      "anymatch" "~3.1.2"
      "braces" "~3.0.2"
      "glob-parent" "~5.1.2"
      "is-binary-path" "~2.1.0"
      "is-glob" "~4.0.1"
      "normalize-path" "~3.0.0"
      "readdirp" "~3.6.0"
    optionalDependencies:
      "fsevents" "~2.3.2"
  
  "color-name@^1.1.4":
    "integrity" "sha512-dOy+3AuW3a2wNbZHIuMZpTcgjGuLU/uBL/ubcZF9OXbDo8ff4O8yVp5Bf0efS8uEoYo5q4Fx7dY9OgQGXgAsQA=="
    "resolved" "https://registry.npmjs.org/color-name/-/color-name-1.1.4.tgz"
    "version" "1.1.4"
  
  "commander@^7.2.0":
    "integrity" "sha512-QrWXB+ZQSVPmIWIhtEO9H+gwHaMGYiF5ChvoJ+K9ZGHG/sVsa6yiesAD1GC/x46sET00Xlwo1u49RVVVzvcSkw=="
    "resolved" "https://registry.npmjs.org/commander/-/commander-7.2.0.tgz"
    "version" "7.2.0"
  
  "cross-fetch@^3.1.5":
    "integrity" "sha512-lvb1SBsI0Z7GDwmuid+mU3kWVBwTVUbe7S0H52yaaAdQOXq2YktTCZdlAcNKFzE6QtRz0snpw9bNiPeOIkkQvw=="
    "resolved" "https://registry.npmjs.org/cross-fetch/-/cross-fetch-3.1.5.tgz"
    "version" "3.1.5"
    dependencies:
      "node-fetch" "2.6.7"
  
  "css-select@^4.1.3":
    "integrity" "sha512-wPpOYtnsVontu2mODhA19JrqWxNsfdatRKd64kmpRbQgh1KtItko5sTnEpPdpSaJszTOhEMlF/RPz28qj4HqhQ=="
    "resolved" "https://registry.npmjs.org/css-select/-/css-select-4.3.0.tgz"
    "version" "4.3.0"
    dependencies:
      "boolbase" "^1.0.0"
      "css-what" "^6.0.1"
      "domhandler" "^4.3.1"
      "domutils" "^2.8.0"
      "nth-check" "^2.0.1"
  
  "css-tree@^1.1.2", "css-tree@^1.1.3":
    "integrity" "sha512-tRpdppF7TRazZrjJ6v3stzv93qxRcSsFmW6cX0Zm2NVKpxE1WV1HblnghVv9TreireHkqI/VDEsfolRF1p6y7Q=="
    "resolved" "https://registry.npmjs.org/css-tree/-/css-tree-1.1.3.tgz"
    "version" "1.1.3"
    dependencies:
      "mdn-data" "2.0.14"
      "source-map" "^0.6.1"
  
  "css-what@^6.0.1":
    "integrity" "sha512-HTUrgRJ7r4dsZKU6GjmpfRK1O76h97Z8MfS1G0FozR+oF2kG6Vfe8JE6zwrkbxigziPHinCJ+gCPjA9EaBDtRw=="
    "resolved" "https://registry.npmjs.org/css-what/-/css-what-6.1.0.tgz"
    "version" "6.1.0"
  
  "cssesc@^3.0.0":
    "integrity" "sha512-/Tb/JcjK111nNScGob5MNtsntNM1aCNUDipB/TkwZFhyDrrE47SOx/18wF2bbjgc3ZzCSKW1T5nt5EbFoAz/Vg=="
    "resolved" "https://registry.npmjs.org/cssesc/-/cssesc-3.0.0.tgz"
    "version" "3.0.0"
  
  "csso@^4.2.0":
    "integrity" "sha512-wvlcdIbf6pwKEk7vHj8/Bkc0B4ylXZruLvOgs9doS5eOsOpuodOV2zJChSpkp+pRpYQLQMeF04nr3Z68Sta9jA=="
    "resolved" "https://registry.npmjs.org/csso/-/csso-4.2.0.tgz"
    "version" "4.2.0"
    dependencies:
      "css-tree" "^1.1.2"
  
  "csstype@^2.6.8":
    "integrity" "sha512-/WwNkdXfckNgw6S5R125rrW8ez139lBHWouiBvX8dfMFtcn6V81REDqnH7+CRpRipfYlyU1CmOnOxrmGcFOjeA=="
    "resolved" "https://registry.npmjs.org/csstype/-/csstype-2.6.20.tgz"
    "version" "2.6.20"
  
  "csstype@latest":
    "version" "3.0.11"
  
  "debug@^4.3.1", "debug@^4.3.3":
    "integrity" "sha512-PRWFHuSU3eDtQJPvnNY7Jcket1j0t5OuOsFzPPzsekD52Zl8qUfFIPEiswXqIvHWGVHOgX+7G/vCNNhehwxfkQ=="
    "resolved" "https://registry.npmjs.org/debug/-/debug-4.3.4.tgz"
    "version" "4.3.4"
    dependencies:
      "ms" "2.1.2"
  
  "defined@^1.0.0":
    "integrity" "sha1-yY2bzvdWdBiOEQlpFRGZ45sfppM="
    "resolved" "https://registry.npmjs.org/defined/-/defined-1.0.0.tgz"
    "version" "1.0.0"
  
  "detective@^5.2.0":
    "integrity" "sha512-6SsIx+nUUbuK0EthKjv0zrdnajCCXVYGmbYYiYjFVpzcjwEs/JMDZ8tPRG29J/HhN56t3GJp2cGSWDRjjot8Pg=="
    "resolved" "https://registry.npmjs.org/detective/-/detective-5.2.0.tgz"
    "version" "5.2.0"
    dependencies:
      "acorn-node" "^1.6.1"
      "defined" "^1.0.0"
      "minimist" "^1.1.1"
  
  "didyoumean@^1.2.2":
    "integrity" "sha512-gxtyfqMg7GKyhQmb056K7M3xszy/myH8w+B4RT+QXBQsvAOdc3XymqDDPHx1BgPgsdAA5SIifona89YtRATDzw=="
    "resolved" "https://registry.npmjs.org/didyoumean/-/didyoumean-1.2.2.tgz"
    "version" "1.2.2"
  
  "dlv@^1.1.3":
    "integrity" "sha512-+HlytyjlPKnIG8XuRG8WvmBP8xs8P71y+SKKS6ZXWoEgLuePxtDoUEiH7WkdePWrQ5JBpE6aoVqfZfJUQkjXwA=="
    "resolved" "https://registry.npmjs.org/dlv/-/dlv-1.1.3.tgz"
    "version" "1.1.3"
  
  "dom-serializer@^1.0.1":
    "integrity" "sha512-VHwB3KfrcOOkelEG2ZOfxqLZdfkil8PtJi4P8N2MMXucZq2yLp75ClViUlOVwyoHEDjYU433Aq+5zWP61+RGag=="
    "resolved" "https://registry.npmjs.org/dom-serializer/-/dom-serializer-1.4.1.tgz"
    "version" "1.4.1"
    dependencies:
      "domelementtype" "^2.0.1"
      "domhandler" "^4.2.0"
      "entities" "^2.0.0"
  
  "domelementtype@^2.0.1", "domelementtype@^2.2.0":
    "integrity" "sha512-OLETBj6w0OsagBwdXnPdN0cnMfF9opN69co+7ZrbfPGrdpPVNBUj02spi6B1N7wChLQiPn4CSH/zJvXw56gmHw=="
    "resolved" "https://registry.npmjs.org/domelementtype/-/domelementtype-2.3.0.tgz"
    "version" "2.3.0"
  
  "domhandler@^4.2.0", "domhandler@^4.3.1":
    "integrity" "sha512-GrwoxYN+uWlzO8uhUXRl0P+kHE4GtVPfYzVLcUxPL7KNdHKj66vvlhiweIHqYYXWlw+T8iLMp42Lm67ghw4WMQ=="
    "resolved" "https://registry.npmjs.org/domhandler/-/domhandler-4.3.1.tgz"
    "version" "4.3.1"
    dependencies:
      "domelementtype" "^2.2.0"
  
  "domutils@^2.8.0":
    "integrity" "sha512-w96Cjofp72M5IIhpjgobBimYEfoPjx1Vx0BSX9P30WBdZW2WIKU0T1Bd0kz2eNZ9ikjKgHbEyKx8BB6H1L3h3A=="
    "resolved" "https://registry.npmjs.org/domutils/-/domutils-2.8.0.tgz"
    "version" "2.8.0"
    dependencies:
      "dom-serializer" "^1.0.1"
      "domelementtype" "^2.2.0"
      "domhandler" "^4.2.0"
  
  "electron-to-chromium@^1.4.84":
    "integrity" "sha512-maZIKjnYDvF7Fs35nvVcyr44UcKNwybr93Oba2n3HkKDFAtk0svERkLN/HyczJDS3Fo4wU9th9fUQd09ZLtj1w=="
    "resolved" "https://registry.npmjs.org/electron-to-chromium/-/electron-to-chromium-1.4.118.tgz"
    "version" "1.4.118"
  
  "element-resize-detector@^1.2.1":
    "integrity" "sha512-Fl5Ftk6WwXE0wqCgNoseKWndjzZlDCwuPTcoVZfCP9R3EHQF8qUtr3YUPNETegRBOKqQKPW3n4kiIWngGi8tKg=="
    "resolved" "https://registry.npmjs.org/element-resize-detector/-/element-resize-detector-1.2.4.tgz"
    "version" "1.2.4"
    dependencies:
      "batch-processor" "1.0.0"
  
  "entities@^2.0.0":
    "integrity" "sha512-p92if5Nz619I0w+akJrLZH0MX0Pb5DX39XOwQTtXSdQQOaYH03S1uIQp4mhOZtAXrxq4ViO67YTiLBo2638o9A=="
    "resolved" "https://registry.npmjs.org/entities/-/entities-2.2.0.tgz"
    "version" "2.2.0"
  
  "esbuild-windows-64@0.14.37":
    "integrity" "sha512-4mJjpS71AV4rj5PXrOn19uQwiASiyziJwyZT+qQ3M/hc/fIWS2Pgv5gbgytC1O8jptMB6NIpgrauCw56lKgckA=="
    "resolved" "https://registry.npmjs.org/esbuild-windows-64/-/esbuild-windows-64-0.14.37.tgz"
    "version" "0.14.37"
  
  "esbuild@^0.14.27", "esbuild@>=0.13":
    "integrity" "sha512-sPlTpEkjzgFjWjYdve5xM1A3fpKXWNc+0yh0u9tqdER992OEpvde1c/+5rbRFsaSEEjQM9qXRcYn3EvNwgLF9w=="
    "resolved" "https://registry.npmjs.org/esbuild/-/esbuild-0.14.37.tgz"
    "version" "0.14.37"
    optionalDependencies:
      "esbuild-android-64" "0.14.37"
      "esbuild-android-arm64" "0.14.37"
      "esbuild-darwin-64" "0.14.37"
      "esbuild-darwin-arm64" "0.14.37"
      "esbuild-freebsd-64" "0.14.37"
      "esbuild-freebsd-arm64" "0.14.37"
      "esbuild-linux-32" "0.14.37"
      "esbuild-linux-64" "0.14.37"
      "esbuild-linux-arm" "0.14.37"
      "esbuild-linux-arm64" "0.14.37"
      "esbuild-linux-mips64le" "0.14.37"
      "esbuild-linux-ppc64le" "0.14.37"
      "esbuild-linux-riscv64" "0.14.37"
      "esbuild-linux-s390x" "0.14.37"
      "esbuild-netbsd-64" "0.14.37"
      "esbuild-openbsd-64" "0.14.37"
      "esbuild-sunos-64" "0.14.37"
      "esbuild-windows-32" "0.14.37"
      "esbuild-windows-64" "0.14.37"
      "esbuild-windows-arm64" "0.14.37"
  
  "escalade@^3.1.1":
    "integrity" "sha512-k0er2gUkLf8O0zKJiAhmkTnJlTvINGv7ygDNPbeIsX/TJjGJZHuh9B2UxbsaEkmlEo9MfhrSzmhIlhRlI2GXnw=="
    "resolved" "https://registry.npmjs.org/escalade/-/escalade-3.1.1.tgz"
    "version" "3.1.1"
  
  "eslint-utils@^2.1.0":
    "integrity" "sha512-w94dQYoauyvlDc43XnGB8lU3Zt713vNChgt4EWwhXAP2XkBvndfxF0AgIqKOOasjPIPzj9JqgwkwbCYD0/V3Zg=="
    "resolved" "https://registry.npmjs.org/eslint-utils/-/eslint-utils-2.1.0.tgz"
    "version" "2.1.0"
    dependencies:
      "eslint-visitor-keys" "^1.1.0"
  
  "eslint-visitor-keys@^1.1.0", "eslint-visitor-keys@^1.3.0":
    "integrity" "sha512-6J72N8UNa462wa/KFODt/PJ3IU60SDpC3QXC1Hjc1BXXpfL2C9R5+AU7jhe0F6GREqVMh4Juu+NY7xn+6dipUQ=="
    "resolved" "https://registry.npmjs.org/eslint-visitor-keys/-/eslint-visitor-keys-1.3.0.tgz"
    "version" "1.3.0"
  
  "espree@^6.0.0":
    "integrity" "sha512-ysCxRQY3WaXJz9tdbWOwuWr5Y/XrPTGX9Kiz3yoUXwW0VZ4w30HTkQLaGx/+ttFjF8i+ACbArnB4ce68a9m5hw=="
    "resolved" "https://registry.npmjs.org/espree/-/espree-6.2.1.tgz"
    "version" "6.2.1"
    dependencies:
      "acorn" "^7.1.1"
      "acorn-jsx" "^5.2.0"
      "eslint-visitor-keys" "^1.1.0"
  
  "estree-walker@^2.0.1", "estree-walker@^2.0.2":
    "integrity" "sha512-Rfkk/Mp/DL7JVje3u18FxFujQlTNR2q6QfMSMB7AvCBx91NGj/ba3kCfza0f6dVDbw7YlRf/nDrn7pQrCCyQ/w=="
    "resolved" "https://registry.npmjs.org/estree-walker/-/estree-walker-2.0.2.tgz"
    "version" "2.0.2"
  
  "fast-glob@^3.2.11", "fast-glob@^3.2.5":
    "integrity" "sha512-xrO3+1bxSo3ZVHAnqzyuewYT6aMFHRAd4Kcs92MAonjwQZLsK9d0SF1IyQ3k5PoirxTW0Oe/RqFgMQ6TcNE5Ew=="
    "resolved" "https://registry.npmjs.org/fast-glob/-/fast-glob-3.2.11.tgz"
    "version" "3.2.11"
    dependencies:
      "@nodelib/fs.stat" "^2.0.2"
      "@nodelib/fs.walk" "^1.2.3"
      "glob-parent" "^5.1.2"
      "merge2" "^1.3.0"
      "micromatch" "^4.0.4"
  
  "fastq@^1.6.0":
    "integrity" "sha512-YpkpUnK8od0o1hmeSc7UUs/eB/vIPWJYjKck2QKIzAf71Vm1AAQ3EbuZB3g2JIy+pg+ERD0vqI79KyZiB2e2Nw=="
    "resolved" "https://registry.npmjs.org/fastq/-/fastq-1.13.0.tgz"
    "version" "1.13.0"
    dependencies:
      "reusify" "^1.0.4"
  
  "fill-range@^7.0.1":
    "integrity" "sha512-qOo9F+dMUmC2Lcb4BbVvnKJxTPjCm+RRpe4gDuGrzkL7mEVl/djYSu2OdQ2Pa302N4oqkSg9ir6jaLWJ2USVpQ=="
    "resolved" "https://registry.npmjs.org/fill-range/-/fill-range-7.0.1.tgz"
    "version" "7.0.1"
    dependencies:
      "to-regex-range" "^5.0.1"
  
  "flowbite@^1.4.2":
    "integrity" "sha512-5UWilgT6+iuO2OYJzSa2OZHU6YPPWHfc526YV/1lSFlVVAIWQ+V0WuwtE+JIhsUJs928+vevmEOThg6PtIl2Rg=="
    "resolved" "https://registry.npmjs.org/flowbite/-/flowbite-1.4.2.tgz"
    "version" "1.4.2"
    dependencies:
      "@popperjs/core" "^2.9.3"
      "mini-svg-data-uri" "^1.4.3"
  
  "follow-redirects@^1.14.8":
    "integrity" "sha512-MQDfihBQYMcyy5dhRDJUHcw7lb2Pv/TuE6xP1vyraLukNDHKbDxDNaOE3NbCAdKQApno+GPRyo1YAp89yCjK4w=="
    "resolved" "https://registry.npmjs.org/follow-redirects/-/follow-redirects-1.14.9.tgz"
    "version" "1.14.9"
  
  "fraction.js@^4.2.0":
    "integrity" "sha512-MhLuK+2gUcnZe8ZHlaaINnQLl0xRIGRfcGk2yl8xoQAfHrSsL3rYu6FCmBdkdbhc9EPlwyGHewaRsvwRMJtAlA=="
    "resolved" "https://registry.npmjs.org/fraction.js/-/fraction.js-4.2.0.tgz"
    "version" "4.2.0"
  
  "fs-extra@^10.0.1":
    "integrity" "sha512-oRXApq54ETRj4eMiFzGnHWGy+zo5raudjuxN0b8H7s/RU2oW0Wvsx9O0ACRN/kRq9E8Vu/ReskGB5o3ji+FzHQ=="
    "resolved" "https://registry.npmjs.org/fs-extra/-/fs-extra-10.1.0.tgz"
    "version" "10.1.0"
    dependencies:
      "graceful-fs" "^4.2.0"
      "jsonfile" "^6.0.1"
      "universalify" "^2.0.0"
  
  "function-bind@^1.1.1":
    "integrity" "sha512-yIovAzMX49sF8Yl58fSCWJ5svSLuaibPxXQJFLmBObTuCr0Mf1KiPopGM9NiFjiYBCbfaa2Fh6breQ6ANVTI0A=="
    "resolved" "https://registry.npmjs.org/function-bind/-/function-bind-1.1.1.tgz"
    "version" "1.1.1"
  
  "get-intrinsic@^1.0.2":
    "integrity" "sha512-kWZrnVM42QCiEA2Ig1bG8zjoIMOgxWwYCEeNdwY6Tv/cOSeGpcoX4pXHfKUxNKVoArnrEr2e9srnAxxGIraS9Q=="
    "resolved" "https://registry.npmjs.org/get-intrinsic/-/get-intrinsic-1.1.1.tgz"
    "version" "1.1.1"
    dependencies:
      "function-bind" "^1.1.1"
      "has" "^1.0.3"
      "has-symbols" "^1.0.1"
  
  "glob-parent@^5.1.2", "glob-parent@~5.1.2":
    "integrity" "sha512-AOIgSQCepiJYwP3ARnGx+5VnTu2HBYdzbGP45eLw1vr3zB3vZLeyed1sC9hnbcOc9/SrMyM5RPQrkGz4aS9Zow=="
    "resolved" "https://registry.npmjs.org/glob-parent/-/glob-parent-5.1.2.tgz"
    "version" "5.1.2"
    dependencies:
      "is-glob" "^4.0.1"
  
  "glob-parent@^6.0.2":
    "integrity" "sha512-XxwI8EOhVQgWp6iDL+3b0r86f4d6AX6zSU55HfB4ydCEuXLXc5FcYeOu+nnGftS4TEju/11rt4KJPTMgbfmv4A=="
    "resolved" "https://registry.npmjs.org/glob-parent/-/glob-parent-6.0.2.tgz"
    "version" "6.0.2"
    dependencies:
      "is-glob" "^4.0.3"
  
  "graceful-fs@^4.1.6", "graceful-fs@^4.2.0":
    "integrity" "sha512-9ByhssR2fPVsNZj478qUUbKfmL0+t5BDVyjShtyZZLiK7ZDAArFFfopyOTj0M05wE2tJPisA4iTnnXl2YoPvOA=="
    "resolved" "https://registry.npmjs.org/graceful-fs/-/graceful-fs-4.2.10.tgz"
    "version" "4.2.10"
  
  "has-symbols@^1.0.1", "has-symbols@^1.0.2":
    "integrity" "sha512-l3LCuF6MgDNwTDKkdYGEihYjt5pRPbEg46rtlmnSPlUbgmB8LOIrKJbYYFBSbnPaJexMKtiPO8hmeRjRz2Td+A=="
    "resolved" "https://registry.npmjs.org/has-symbols/-/has-symbols-1.0.3.tgz"
    "version" "1.0.3"
  
  "has-tostringtag@^1.0.0":
    "integrity" "sha512-kFjcSNhnlGV1kyoGk7OXKSawH5JOb/LzUc5w9B02hOTO0dfFRjbHQKvg1d6cf3HbeUmtU9VbbV3qzZ2Teh97WQ=="
    "resolved" "https://registry.npmjs.org/has-tostringtag/-/has-tostringtag-1.0.0.tgz"
    "version" "1.0.0"
    dependencies:
      "has-symbols" "^1.0.2"
  
  "has@^1.0.3":
    "integrity" "sha512-f2dvO0VU6Oej7RkWJGrehjbzMAjFp5/VKPp5tTpWIV4JHHZK1/BxbFRtf/siA2SWTe09caDmVtYYzWEIbBS4zw=="
    "resolved" "https://registry.npmjs.org/has/-/has-1.0.3.tgz"
    "version" "1.0.3"
    dependencies:
      "function-bind" "^1.1.1"
  
  "is-binary-path@~2.1.0":
    "integrity" "sha512-ZMERYes6pDydyuGidse7OsHxtbI7WVeUEozgR/g7rd0xUimYNlvZRE/K2MgZTjWy725IfelLeVcEM97mmtRGXw=="
    "resolved" "https://registry.npmjs.org/is-binary-path/-/is-binary-path-2.1.0.tgz"
    "version" "2.1.0"
    dependencies:
      "binary-extensions" "^2.0.0"
  
  "is-core-module@^2.8.1":
    "integrity" "sha512-+5FPy5PnwmO3lvfMb0AsoPaBG+5KHUI0wYFXOtYPnVVVspTFUuMZNfNaNVRt3FZadstu2c8x23vykRW/NBoU6A=="
    "resolved" "https://registry.npmjs.org/is-core-module/-/is-core-module-2.9.0.tgz"
    "version" "2.9.0"
    dependencies:
      "has" "^1.0.3"
  
  "is-expression@^4.0.0":
    "integrity" "sha512-zMIXX63sxzG3XrkHkrAPvm/OVZVSCPNkwMHU8oTX7/U3AL78I0QXCEICXUM13BIa8TYGZ68PiTKfQz3yaTNr4A=="
    "resolved" "https://registry.npmjs.org/is-expression/-/is-expression-4.0.0.tgz"
    "version" "4.0.0"
    dependencies:
      "acorn" "^7.1.1"
      "object-assign" "^4.1.1"
  
  "is-extglob@^2.1.1":
    "integrity" "sha1-qIwCU1eR8C7TfHahueqXc8gz+MI="
    "resolved" "https://registry.npmjs.org/is-extglob/-/is-extglob-2.1.1.tgz"
    "version" "2.1.1"
  
  "is-glob@^4.0.1", "is-glob@^4.0.3", "is-glob@~4.0.1":
    "integrity" "sha512-xelSayHH36ZgE7ZWhli7pW34hNbNl8Ojv5KVmkJD4hBdD3th8Tfk9vYasLM+mXWOZhFkgZfxhLSnrwRr4elSSg=="
    "resolved" "https://registry.npmjs.org/is-glob/-/is-glob-4.0.3.tgz"
    "version" "4.0.3"
    dependencies:
      "is-extglob" "^2.1.1"
  
  "is-number@^7.0.0":
    "integrity" "sha512-41Cifkg6e8TylSpdtTpeLVMqvSBEVzTttHvERD741+pnZ8ANv0004MRL43QKPDlK9cGvNp6NZWZUBlbGXYxxng=="
    "resolved" "https://registry.npmjs.org/is-number/-/is-number-7.0.0.tgz"
    "version" "7.0.0"
  
  "is-regex@^1.0.3":
    "integrity" "sha512-kvRdxDsxZjhzUX07ZnLydzS1TU/TJlTUHHY4YLL87e37oUA49DfkLqgy+VjFocowy29cKvcSiu+kIv728jTTVg=="
    "resolved" "https://registry.npmjs.org/is-regex/-/is-regex-1.1.4.tgz"
    "version" "1.1.4"
    dependencies:
      "call-bind" "^1.0.2"
      "has-tostringtag" "^1.0.0"
  
  "jsonc-eslint-parser@^1.0.1":
    "integrity" "sha512-hXBrvsR1rdjmB2kQmUjf1rEIa+TqHBGMge8pwi++C+Si1ad7EjZrJcpgwym+QGK/pqTx+K7keFAtLlVNdLRJOg=="
    "resolved" "https://registry.npmjs.org/jsonc-eslint-parser/-/jsonc-eslint-parser-1.4.1.tgz"
    "version" "1.4.1"
    dependencies:
      "acorn" "^7.4.1"
      "eslint-utils" "^2.1.0"
      "eslint-visitor-keys" "^1.3.0"
      "espree" "^6.0.0"
      "semver" "^6.3.0"
  
  "jsonfile@^6.0.1":
    "integrity" "sha512-5dgndWOriYSm5cnYaJNhalLNDKOqFwyDB/rr1E9ZsGciGvKPs8R2xYGCacuf3z6K1YKDz182fd+fY3cn3pMqXQ=="
    "resolved" "https://registry.npmjs.org/jsonfile/-/jsonfile-6.1.0.tgz"
    "version" "6.1.0"
    dependencies:
      "universalify" "^2.0.0"
    optionalDependencies:
      "graceful-fs" "^4.1.6"
  
  "lilconfig@^2.0.5":
    "integrity" "sha512-xaYmXZtTHPAw5m+xLN8ab9C+3a8YmV3asNSPOATITbtwrfbwaLJj8h66H1WMIpALCkqsIzK3h7oQ+PdX+LQ9Eg=="
    "resolved" "https://registry.npmjs.org/lilconfig/-/lilconfig-2.0.5.tgz"
    "version" "2.0.5"
  
  "local-pkg@^0.4.1":
    "integrity" "sha512-lL87ytIGP2FU5PWwNDo0w3WhIo2gopIAxPg9RxDYF7m4rr5ahuZxP22xnJHIvaLTe4Z9P6uKKY2UHiwyB4pcrw=="
    "resolved" "https://registry.npmjs.org/local-pkg/-/local-pkg-0.4.1.tgz"
    "version" "0.4.1"
  
  "lodash-es@latest":
    "version" "4.17.21"
  
  "lodash@^4.17.20":
    "integrity" "sha512-v2kDEe57lecTulaDIuNTPy3Ry4gLGJ6Z1O3vE1krgXZNrsQ+LFTGHVxVjcXPs17LhbZVGedAJv8XZ1tvj5FvSg=="
    "resolved" "https://registry.npmjs.org/lodash/-/lodash-4.17.21.tgz"
    "version" "4.17.21"
  
  "magic-string@^0.25.7":
    "integrity" "sha512-RmF0AsMzgt25qzqqLc1+MbHmhdx0ojF2Fvs4XnOqz2ZOBXzzkEwc/dJQZCYHAn7v1jbVOjAZfK8msRn4BxO4VQ=="
    "resolved" "https://registry.npmjs.org/magic-string/-/magic-string-0.25.9.tgz"
    "version" "0.25.9"
    dependencies:
      "sourcemap-codec" "^1.4.8"
  
  "magic-string@^0.26.1":
    "integrity" "sha512-ndThHmvgtieXe8J/VGPjG+Apu7v7ItcD5mhEIvOscWjPF/ccOiLxHaSuCAS2G+3x4GKsAbT8u7zdyamupui8Tg=="
    "resolved" "https://registry.npmjs.org/magic-string/-/magic-string-0.26.1.tgz"
    "version" "0.26.1"
    dependencies:
      "sourcemap-codec" "^1.4.8"
  
  "mdn-data@2.0.14":
    "integrity" "sha512-dn6wd0uw5GsdswPFfsgMp5NSB0/aDe6fK94YJV/AJDYXL6HVLWBsxeq7js7Ad+mU2K9LAlwpk6kN2D5mwCPVow=="
    "resolved" "https://registry.npmjs.org/mdn-data/-/mdn-data-2.0.14.tgz"
    "version" "2.0.14"
  
  "merge2@^1.3.0":
    "integrity" "sha512-8q7VEgMJW4J8tcfVPy8g09NcQwZdbwFEqhe/WZkoIzjn/3TGDwtOCYtXGxA3O8tPzpczCCDgv+P2P5y00ZJOOg=="
    "resolved" "https://registry.npmjs.org/merge2/-/merge2-1.4.1.tgz"
    "version" "1.4.1"
  
  "micromatch@^4.0.4":
    "integrity" "sha512-DMy+ERcEW2q8Z2Po+WNXuw3c5YaUSFjAO5GsJqfEl7UjvtIuFKO6ZrKvcItdy98dwFI2N1tg3zNIdKaQT+aNdA=="
    "resolved" "https://registry.npmjs.org/micromatch/-/micromatch-4.0.5.tgz"
    "version" "4.0.5"
    dependencies:
      "braces" "^3.0.2"
      "picomatch" "^2.3.1"
  
  "mini-svg-data-uri@^1.4.3":
    "integrity" "sha512-r9deDe9p5FJUPZAk3A59wGH7Ii9YrjjWw0jmw/liSbHl2CHiyXj6FcDXDu2K3TjVAXqiJdaw3xxwlZZr9E6nHg=="
    "resolved" "https://registry.npmjs.org/mini-svg-data-uri/-/mini-svg-data-uri-1.4.4.tgz"
    "version" "1.4.4"
  
  "minimatch@^5.0.1":
    "integrity" "sha512-nLDxIFRyhDblz3qMuq+SoRZED4+miJ/G+tdDrjkkkRnjAsBexeGpgjLEQ0blJy7rHhR2b93rhQY4SvyWu9v03g=="
    "resolved" "https://registry.npmjs.org/minimatch/-/minimatch-5.0.1.tgz"
    "version" "5.0.1"
    dependencies:
      "brace-expansion" "^2.0.1"
  
  "minimist@^1.1.1":
    "integrity" "sha512-Jsjnk4bw3YJqYzbdyBiNsPWHPfO++UGG749Cxs6peCu5Xg4nrena6OVxOYxrQTqww0Jmwt+Ref8rggumkTLz9Q=="
    "resolved" "https://registry.npmjs.org/minimist/-/minimist-1.2.6.tgz"
    "version" "1.2.6"
  
  "mitt@^2.1.0":
    "integrity" "sha512-ILj2TpLiysu2wkBbWjAmww7TkZb65aiQO+DkVdUTBpBXq+MHYiETENkKFMtsJZX1Lf4pe4QOrTSjIfUwN5lRdg=="
    "resolved" "https://registry.npmjs.org/mitt/-/mitt-2.1.0.tgz"
    "version" "2.1.0"
  
  "ms@2.1.2":
    "integrity" "sha512-sGkPx+VjMtmA6MX27oA4FBFELFCZZ4S4XqeGOXCv68tT+jb3vk/RyaKWP0PTKyWtmLSM0b+adUTEvbs1PEaH2w=="
    "resolved" "https://registry.npmjs.org/ms/-/ms-2.1.2.tgz"
    "version" "2.1.2"
  
  "nanoid@^3.3.1":
    "integrity" "sha512-p1sjXuopFs0xg+fPASzQ28agW1oHD7xDsd9Xkf3T15H3c/cifrFHVwrh74PdoklAPi+i7MdRsE47vm2r6JoB+w=="
    "resolved" "https://registry.npmjs.org/nanoid/-/nanoid-3.3.3.tgz"
    "version" "3.3.3"
  
  "node-fetch@2.6.7":
    "integrity" "sha512-ZjMPFEfVx5j+y2yF35Kzx5sF7kDzxuDj6ziH4FFbOp87zKDZNx8yExJIb05OGF4Nlt9IHFIMBkRl41VdvcNdbQ=="
    "resolved" "https://registry.npmjs.org/node-fetch/-/node-fetch-2.6.7.tgz"
    "version" "2.6.7"
    dependencies:
      "whatwg-url" "^5.0.0"
  
  "node-releases@^2.0.2":
    "integrity" "sha512-maHFz6OLqYxz+VQyCAtA3PTX4UP/53pa05fyDNc9CwjvJ0yEh6+xBwKsgCxMNhS8taUKBFYxfuiaD9U/55iFaw=="
    "resolved" "https://registry.npmjs.org/node-releases/-/node-releases-2.0.3.tgz"
    "version" "2.0.3"
  
  "normalize-path@^3.0.0", "normalize-path@~3.0.0":
    "integrity" "sha512-6eZs5Ls3WtCisHWp9S2GUy8dqkpGi4BVSz3GaqiE6ezub0512ESztXUwUB6C6IKbQkY2Pnb/mD4WYojCRwcwLA=="
    "resolved" "https://registry.npmjs.org/normalize-path/-/normalize-path-3.0.0.tgz"
    "version" "3.0.0"
  
  "normalize-range@^0.1.2":
    "integrity" "sha1-LRDAa9/TEuqXd2laTShDlFa3WUI="
    "resolved" "https://registry.npmjs.org/normalize-range/-/normalize-range-0.1.2.tgz"
    "version" "0.1.2"
  
  "nth-check@^2.0.1":
    "integrity" "sha512-it1vE95zF6dTT9lBsYbxvqh0Soy4SPowchj0UBGj/V6cTPnXXtQOPUbhZ6CmGzAD/rW22LQK6E96pcdJXk4A4w=="
    "resolved" "https://registry.npmjs.org/nth-check/-/nth-check-2.0.1.tgz"
    "version" "2.0.1"
    dependencies:
      "boolbase" "^1.0.0"
  
  "object-assign@^4.1.1":
    "integrity" "sha1-IQmtx5ZYh8/AXLvUQsrIv7s2CGM="
    "resolved" "https://registry.npmjs.org/object-assign/-/object-assign-4.1.1.tgz"
    "version" "4.1.1"
  
  "object-hash@^3.0.0":
    "integrity" "sha512-RSn9F68PjH9HqtltsSnqYC1XXoWe9Bju5+213R98cNGttag9q9yAOTzdbsqvIa7aNm5WffBZFpWYr2aWrklWAw=="
    "resolved" "https://registry.npmjs.org/object-hash/-/object-hash-3.0.0.tgz"
    "version" "3.0.0"
  
  "path-parse@^1.0.7":
    "integrity" "sha512-LDJzPVEEEPR+y48z93A0Ed0yXb8pAByGWo/k5YYdYgpY2/2EsOsksJrq7lOHxryrVOn1ejG6oAp8ahvOIQD8sw=="
    "resolved" "https://registry.npmjs.org/path-parse/-/path-parse-1.0.7.tgz"
    "version" "1.0.7"
  
  "pathe@^0.2.0":
    "integrity" "sha512-sTitTPYnn23esFR3RlqYBWn4c45WGeLcsKzQiUpXJAyfcWkolvlYpV8FLo7JishK946oQwMFUCHXQ9AjGPKExw=="
    "resolved" "https://registry.npmjs.org/pathe/-/pathe-0.2.0.tgz"
    "version" "0.2.0"
  
  "picocolors@^1.0.0":
    "integrity" "sha512-1fygroTLlHu66zi26VoTDv8yRgm0Fccecssto+MhsZ0D/DGW2sm8E8AjW7NU5VVTRt5GxbeZ5qBuJr+HyLYkjQ=="
    "resolved" "https://registry.npmjs.org/picocolors/-/picocolors-1.0.0.tgz"
    "version" "1.0.0"
  
  "picomatch@^2.0.4", "picomatch@^2.2.1", "picomatch@^2.2.2", "picomatch@^2.3.1":
    "integrity" "sha512-JU3teHTNjmE2VCGFzuY8EXzCDVwEqB2a8fsIvwaStHhAWJEeVd1o1QD80CU6+ZdEXXSLbSsuLwJjkCBWqRQUVA=="
    "resolved" "https://registry.npmjs.org/picomatch/-/picomatch-2.3.1.tgz"
    "version" "2.3.1"
  
  "postcss-js@^4.0.0":
    "integrity" "sha512-77QESFBwgX4irogGVPgQ5s07vLvFqWr228qZY+w6lW599cRlK/HmnlivnnVUxkjHnCu4J16PDMHcH+e+2HbvTQ=="
    "resolved" "https://registry.npmjs.org/postcss-js/-/postcss-js-4.0.0.tgz"
    "version" "4.0.0"
    dependencies:
      "camelcase-css" "^2.0.1"
  
  "postcss-load-config@^3.1.4":
    "integrity" "sha512-6DiM4E7v4coTE4uzA8U//WhtPwyhiim3eyjEMFCnUpzbrkK9wJHgKDT2mR+HbtSrd/NubVaYTOpSpjUl8NQeRg=="
    "resolved" "https://registry.npmjs.org/postcss-load-config/-/postcss-load-config-3.1.4.tgz"
    "version" "3.1.4"
    dependencies:
      "lilconfig" "^2.0.5"
      "yaml" "^1.10.2"
  
  "postcss-nested@5.0.6":
    "integrity" "sha512-rKqm2Fk0KbA8Vt3AdGN0FB9OBOMDVajMG6ZCf/GoHgdxUJ4sBFp0A/uMIRm+MJUdo33YXEtjqIz8u7DAp8B7DA=="
    "resolved" "https://registry.npmjs.org/postcss-nested/-/postcss-nested-5.0.6.tgz"
    "version" "5.0.6"
    dependencies:
      "postcss-selector-parser" "^6.0.6"
  
  "postcss-selector-parser@^6.0.10", "postcss-selector-parser@^6.0.6":
    "integrity" "sha512-IQ7TZdoaqbT+LCpShg46jnZVlhWD2w6iQYAcYXfHARZ7X1t/UGhhceQDs5X0cGqKvYlHNOuv7Oa1xmb0oQuA3w=="
    "resolved" "https://registry.npmjs.org/postcss-selector-parser/-/postcss-selector-parser-6.0.10.tgz"
    "version" "6.0.10"
    dependencies:
      "cssesc" "^3.0.0"
      "util-deprecate" "^1.0.2"
  
  "postcss-value-parser@^4.2.0":
    "integrity" "sha512-1NNCs6uurfkVbeXG4S8JFT9t19m45ICnif8zWLd5oPSZ50QnwMfK+H3jv408d4jw/7Bttv5axS5IiHoLaVNHeQ=="
    "resolved" "https://registry.npmjs.org/postcss-value-parser/-/postcss-value-parser-4.2.0.tgz"
    "version" "4.2.0"
  
  "postcss@^8.1.0", "postcss@^8.1.10", "postcss@^8.2.14", "postcss@^8.3.3", "postcss@^8.4.12", "postcss@>=8.0.9":
    "integrity" "sha512-lg6eITwYe9v6Hr5CncVbK70SoioNQIq81nsaG86ev5hAidQvmOeETBqs7jm43K2F5/Ley3ytDtriImV6TpNiSg=="
    "resolved" "https://registry.npmjs.org/postcss/-/postcss-8.4.12.tgz"
    "version" "8.4.12"
    dependencies:
      "nanoid" "^3.3.1"
      "picocolors" "^1.0.0"
      "source-map-js" "^1.0.2"
  
  "pug-error@^2.0.0":
    "integrity" "sha512-sjiUsi9M4RAGHktC1drQfCr5C5eriu24Lfbt4s+7SykztEOwVZtbFk1RRq0tzLxcMxMYTBR+zMQaG07J/btayQ=="
    "resolved" "https://registry.npmjs.org/pug-error/-/pug-error-2.0.0.tgz"
    "version" "2.0.0"
  
  "pug-lexer@^5.0.1":
    "integrity" "sha512-0I6C62+keXlZPZkOJeVam9aBLVP2EnbeDw3An+k0/QlqdwH6rv8284nko14Na7c0TtqtogfWXcRoFE4O4Ff20w=="
    "resolved" "https://registry.npmjs.org/pug-lexer/-/pug-lexer-5.0.1.tgz"
    "version" "5.0.1"
    dependencies:
      "character-parser" "^2.2.0"
      "is-expression" "^4.0.0"
      "pug-error" "^2.0.0"
  
  "pug-parser@^6.0.0":
    "integrity" "sha512-ukiYM/9cH6Cml+AOl5kETtM9NR3WulyVP2y4HOU45DyMim1IeP/OOiyEWRr6qk5I5klpsBnbuHpwKmTx6WURnw=="
    "resolved" "https://registry.npmjs.org/pug-parser/-/pug-parser-6.0.0.tgz"
    "version" "6.0.0"
    dependencies:
      "pug-error" "^2.0.0"
      "token-stream" "1.0.0"
  
  "queue-microtask@^1.2.2":
    "integrity" "sha512-NuaNSa6flKT5JaSYQzJok04JzTL1CA6aGhv5rfLW3PgqA+M2ChpZQnAC8h8i4ZFkBS8X5RqkDBHA7r4hej3K9A=="
    "resolved" "https://registry.npmjs.org/queue-microtask/-/queue-microtask-1.2.3.tgz"
    "version" "1.2.3"
  
  "quick-lru@^5.1.1":
    "integrity" "sha512-WuyALRjWPDGtt/wzJiadO5AXY+8hZ80hVpe6MyivgraREW751X3SbhRvG3eLKOYN+8VEvqLcf3wdnt44Z4S4SA=="
    "resolved" "https://registry.npmjs.org/quick-lru/-/quick-lru-5.1.1.tgz"
    "version" "5.1.1"
  
  "readdirp@~3.6.0":
    "integrity" "sha512-hOS089on8RduqdbhvQ5Z37A0ESjsqz6qnRcffsMU3495FuTdqSm+7bhJ29JvIOsBDEEnan5DPu9t3To9VRlMzA=="
    "resolved" "https://registry.npmjs.org/readdirp/-/readdirp-3.6.0.tgz"
    "version" "3.6.0"
    dependencies:
      "picomatch" "^2.2.1"
  
  "resolve@^1.22.0":
    "integrity" "sha512-Hhtrw0nLeSrFQ7phPp4OOcVjLPIeMnRlr5mcnVuMe7M/7eBn98A3hmFRLoFo3DLZkivSYwhRUJTyPyWAk56WLw=="
    "resolved" "https://registry.npmjs.org/resolve/-/resolve-1.22.0.tgz"
    "version" "1.22.0"
    dependencies:
      "is-core-module" "^2.8.1"
      "path-parse" "^1.0.7"
      "supports-preserve-symlinks-flag" "^1.0.0"
  
  "reusify@^1.0.4":
    "integrity" "sha512-U9nH88a3fc/ekCF1l0/UP1IosiuIjyTh7hBvXVMHYgVcfGvt897Xguj2UOLDeI5BG2m7/uwyaLVT6fbtCwTyzw=="
    "resolved" "https://registry.npmjs.org/reusify/-/reusify-1.0.4.tgz"
    "version" "1.0.4"
  
  "rollup-plugin-purge-icons@^0.8.1":
    "integrity" "sha512-7ktMV+gWtXAdOIShE8EtTcnpGhozi5H2hKk1MQVGt+7FmlLkjR+XKu1Nyzjocwd6xJvKube2Lh+SfcJ8FYYySw=="
    "resolved" "https://registry.npmjs.org/rollup-plugin-purge-icons/-/rollup-plugin-purge-icons-0.8.1.tgz"
    "version" "0.8.1"
    dependencies:
      "@purge-icons/core" "^0.8.0"
      "@purge-icons/generated" "^0.8.1"
  
  "rollup@^2.50.0", "rollup@^2.59.0":
    "integrity" "sha512-EitogNZnfku65I1DD5Mxe8JYRUCy0hkK5X84IlDtUs+O6JRMpRciXTzyCUuX11b5L5pvjH+OmFXiQ3XjabcXgg=="
    "resolved" "https://registry.npmjs.org/rollup/-/rollup-2.70.2.tgz"
    "version" "2.70.2"
    optionalDependencies:
      "fsevents" "~2.3.2"
  
  "run-parallel@^1.1.9":
    "integrity" "sha512-5l4VyZR86LZ/lDxZTR6jqL8AFE2S0IFLMP26AbjsLVADxHdhB/c0GUsH+y39UfCi3dzz8OlQuPmnaJOMoDHQBA=="
    "resolved" "https://registry.npmjs.org/run-parallel/-/run-parallel-1.2.0.tgz"
    "version" "1.2.0"
    dependencies:
      "queue-microtask" "^1.2.2"
  
  "semver@^6.3.0":
    "integrity" "sha512-b39TBaTSfV6yBrapU89p5fKekE2m/NwnDocOVruQFS1/veMgdzuPcnOM34M6CwxW8jH/lxEa5rBoDeUwu5HHTw=="
    "resolved" "https://registry.npmjs.org/semver/-/semver-6.3.0.tgz"
    "version" "6.3.0"
  
  "source-map-js@^1.0.2":
    "integrity" "sha512-R0XvVJ9WusLiqTCEiGCmICCMplcCkIwwR11mOSD9CR5u+IXYdiseeEuXCVAjS54zqwkLcPNnmU4OeJ6tUrWhDw=="
    "resolved" "https://registry.npmjs.org/source-map-js/-/source-map-js-1.0.2.tgz"
    "version" "1.0.2"
  
  "source-map@^0.6.1", "source-map@0.6.1":
    "integrity" "sha512-UjgapumWlbMhkBgzT7Ykc5YXUT46F0iKu8SGXq0bcwP5dz/h0Plj6enJqjz1Zbq2l5WaqYnrVbwWOWMyF3F47g=="
    "resolved" "https://registry.npmjs.org/source-map/-/source-map-0.6.1.tgz"
    "version" "0.6.1"
  
  "sourcemap-codec@^1.4.8":
    "integrity" "sha512-9NykojV5Uih4lgo5So5dtw+f0JgJX30KCNI8gwhz2J9A15wD0Ml6tjHKwf6fTSa6fAdVBdZeNOs9eJ71qCk8vA=="
    "resolved" "https://registry.npmjs.org/sourcemap-codec/-/sourcemap-codec-1.4.8.tgz"
    "version" "1.4.8"
  
  "stable@^0.1.8":
    "integrity" "sha512-ji9qxRnOVfcuLDySj9qzhGSEFVobyt1kIOSkj1qZzYLzq7Tos/oUUWvotUPQLlrsidqsK6tBH89Bc9kL5zHA6w=="
    "resolved" "https://registry.npmjs.org/stable/-/stable-0.1.8.tgz"
    "version" "0.1.8"
  
  "supports-preserve-symlinks-flag@^1.0.0":
    "integrity" "sha512-ot0WnXS9fgdkgIcePe6RHNk1WA8+muPa6cSjeR3V8K27q9BB1rTE3R1p7Hv0z1ZyAc8s6Vvv8DIyWf681MAt0w=="
    "resolved" "https://registry.npmjs.org/supports-preserve-symlinks-flag/-/supports-preserve-symlinks-flag-1.0.0.tgz"
    "version" "1.0.0"
  
  "svgo@^2.7.0":
    "integrity" "sha512-+N/Q9kV1+F+UeWYoSiULYo4xYSDQlTgb+ayMobAXPwMnLvop7oxKMo9OzIrX5x3eS4L4f2UHhc9axXwY8DpChg=="
    "resolved" "https://registry.npmjs.org/svgo/-/svgo-2.8.0.tgz"
    "version" "2.8.0"
    dependencies:
      "@trysound/sax" "0.2.0"
      "commander" "^7.2.0"
      "css-select" "^4.1.3"
      "css-tree" "^1.1.3"
      "csso" "^4.2.0"
      "picocolors" "^1.0.0"
      "stable" "^0.1.8"
  
  "tailwindcss@^3.0.24":
    "integrity" "sha512-H3uMmZNWzG6aqmg9q07ZIRNIawoiEcNFKDfL+YzOPuPsXuDXxJxB9icqzLgdzKNwjG3SAro2h9SYav8ewXNgig=="
    "resolved" "https://registry.npmjs.org/tailwindcss/-/tailwindcss-3.0.24.tgz"
    "version" "3.0.24"
    dependencies:
      "arg" "^5.0.1"
      "chokidar" "^3.5.3"
      "color-name" "^1.1.4"
      "detective" "^5.2.0"
      "didyoumean" "^1.2.2"
      "dlv" "^1.1.3"
      "fast-glob" "^3.2.11"
      "glob-parent" "^6.0.2"
      "is-glob" "^4.0.3"
      "lilconfig" "^2.0.5"
      "normalize-path" "^3.0.0"
      "object-hash" "^3.0.0"
      "picocolors" "^1.0.0"
      "postcss" "^8.4.12"
      "postcss-js" "^4.0.0"
      "postcss-load-config" "^3.1.4"
      "postcss-nested" "5.0.6"
      "postcss-selector-parser" "^6.0.10"
      "postcss-value-parser" "^4.2.0"
      "quick-lru" "^5.1.1"
      "resolve" "^1.22.0"
  
  "to-regex-range@^5.0.1":
    "integrity" "sha512-65P7iz6X5yEr1cwcgvQxbbIw7Uk3gOy5dIdtZ4rDveLqhrdJP+Li/Hx6tyK0NEb+2GCyneCMJiGqrADCSNk8sQ=="
    "resolved" "https://registry.npmjs.org/to-regex-range/-/to-regex-range-5.0.1.tgz"
    "version" "5.0.1"
    dependencies:
      "is-number" "^7.0.0"
  
  "token-stream@1.0.0":
    "integrity" "sha1-zCAOqyYT9BZtJ/+a/HylbUnfbrQ="
    "resolved" "https://registry.npmjs.org/token-stream/-/token-stream-1.0.0.tgz"
    "version" "1.0.0"
  
  "tr46@~0.0.3":
    "integrity" "sha1-gYT9NH2snNwYWZLzpmIuFLnZq2o="
    "resolved" "https://registry.npmjs.org/tr46/-/tr46-0.0.3.tgz"
    "version" "0.0.3"
  
  "typescript@*", "typescript@^4.6.3":
    "integrity" "sha512-yNIatDa5iaofVozS/uQJEl3JRWLKKGJKh6Yaiv0GLGSuhpFJe7P3SbHZ8/yjAHRQwKRoA6YZqlfjXWmVzoVSMw=="
    "resolved" "https://registry.npmjs.org/typescript/-/typescript-4.6.3.tgz"
    "version" "4.6.3"
  
  "universalify@^2.0.0":
    "integrity" "sha512-hAZsKq7Yy11Zu1DE0OzWjw7nnLZmJZYTDZZyEFHZdUhV8FkH5MCfoU1XMaxXovpyW5nq5scPqq0ZDP9Zyl04oQ=="
    "resolved" "https://registry.npmjs.org/universalify/-/universalify-2.0.0.tgz"
    "version" "2.0.0"
  
  "unplugin-vue-components@^0.18.5":
    "integrity" "sha512-VPA6z/4pcKRDYtWu1H+FIpV0MADlFKG3q7YMVFzNFC3EhMVZ4WuBJ76490oKyauguNw1T1obLCuxNU9JzJ0oAQ=="
    "resolved" "https://registry.npmjs.org/unplugin-vue-components/-/unplugin-vue-components-0.18.5.tgz"
    "version" "0.18.5"
    dependencies:
      "@antfu/utils" "^0.5.0"
      "@rollup/pluginutils" "^4.2.0"
      "chokidar" "^3.5.3"
      "debug" "^4.3.3"
      "fast-glob" "^3.2.11"
      "local-pkg" "^0.4.1"
      "magic-string" "^0.26.1"
      "minimatch" "^5.0.1"
      "resolve" "^1.22.0"
      "unplugin" "^0.4.0"
  
  "unplugin@^0.4.0":
    "integrity" "sha512-4ScITEmzlz1iZW3tkz+3L1V5k/xMQ6kjgm4lEXKxH0ozd8/OUWfiSA7RMRyrawsvq/t50JIzPpp1UyuSL/AXkA=="
    "resolved" "https://registry.npmjs.org/unplugin/-/unplugin-0.4.0.tgz"
    "version" "0.4.0"
    dependencies:
      "chokidar" "^3.5.3"
      "webpack-virtual-modules" "^0.4.3"
  
  "upath@^2.0.1":
    "integrity" "sha512-1uEe95xksV1O0CYKXo8vQvN1JEbtJp7lb7C5U9HMsIp6IVwntkH/oNUzyVNQSd4S1sYk2FpSSW44FqMc8qee5w=="
    "resolved" "https://registry.npmjs.org/upath/-/upath-2.0.1.tgz"
    "version" "2.0.1"
  
  "util-deprecate@^1.0.2":
    "integrity" "sha1-RQ1Nyfpw3nMnYvvS1KKJgUGaDM8="
    "resolved" "https://registry.npmjs.org/util-deprecate/-/util-deprecate-1.0.2.tgz"
    "version" "1.0.2"
  
  "vite-plugin-fonts@^0.3.0":
    "integrity" "sha512-ziKf3859WraLHKO/32hzyH8GSzmzVPyIPoxU3TXAkTRMzarjVuTVABIwJXTvV99Lzhwx2GvQzxKGmPDazHeDqQ=="
    "resolved" "https://registry.npmjs.org/vite-plugin-fonts/-/vite-plugin-fonts-0.3.0.tgz"
    "version" "0.3.0"
    dependencies:
      "fast-glob" "^3.2.11"
  
  "vite-plugin-purge-icons@^0.8.1":
    "integrity" "sha512-H77YDvECkdzwsgYTu6LR5Nx0wey5Hporw+3/hTYTZh7D7YcarS+RsOvpUEgd2XG5fChgCmMBtMfnr2JmrNanSg=="
    "resolved" "https://registry.npmjs.org/vite-plugin-purge-icons/-/vite-plugin-purge-icons-0.8.1.tgz"
    "version" "0.8.1"
    dependencies:
      "@purge-icons/core" "^0.8.0"
      "@purge-icons/generated" "^0.8.1"
      "rollup-plugin-purge-icons" "^0.8.1"
  
  "vite-svg-loader@^3.2.0":
    "integrity" "sha512-CQcMdtjGD8Q1EdZ6x6xRdH2SAedlHM7n3jA+zYukZPMlPBXl07RaVzsjPC29UmuD7Dw9BsMWN4i8Ae8QW4IM3A=="
    "resolved" "https://registry.npmjs.org/vite-svg-loader/-/vite-svg-loader-3.2.0.tgz"
    "version" "3.2.0"
    dependencies:
      "@vue/compiler-sfc" "^3.2.20"
      "svgo" "^2.7.0"
  
  "vite@^2.0.0", "vite@^2.0.0-beta.3", "vite@^2.3.0", "vite@^2.5.10", "vite@^2.9.1":
    "integrity" "sha512-dvMN64X2YEQgSXF1lYabKXw3BbN6e+BL67+P3Vy4MacnY+UzT1AfkHiioFSi9+uiDUiaDy7Ax/LQqivk6orilg=="
    "resolved" "https://registry.npmjs.org/vite/-/vite-2.9.5.tgz"
    "version" "2.9.5"
    dependencies:
      "esbuild" "^0.14.27"
      "postcss" "^8.4.12"
      "resolve" "^1.22.0"
      "rollup" "^2.59.0"
    optionalDependencies:
      "fsevents" "~2.3.2"
  
  "vscode-jsonrpc@^8.0.0-next.5":
    "integrity" "sha512-JX/F31LEsims0dAlOTKFE4E+AJMiJvdRSRViifFJSqSN7EzeYyWlfuDchF7g91oRNPZOIWfibTkDf3/UMsQGzQ=="
    "resolved" "https://registry.npmjs.org/vscode-jsonrpc/-/vscode-jsonrpc-8.0.0-next.7.tgz"
    "version" "8.0.0-next.7"
  
  "vscode-languageserver-textdocument@^1.0.3":
    "integrity" "sha512-/xhqXP/2A2RSs+J8JNXpiiNVvvNM0oTosNVmQnunlKvq9o4mupHOBAnnzH0lwIPKazXKvAKsVp1kr+H/K4lgoQ=="
    "resolved" "https://registry.npmjs.org/vscode-languageserver-textdocument/-/vscode-languageserver-textdocument-1.0.4.tgz"
    "version" "1.0.4"
  
  "vscode-languageserver-types@^3.17.0-next.6":
    "integrity" "sha512-9/PeDNPYduaoXRUzYpqmu4ZV9L01HGo0wH9FUt+sSHR7IXwA7xoXBfNUlv8gB9H0D2WwEmMomSy1NmhjKQyn3A=="
    "resolved" "https://registry.npmjs.org/vscode-languageserver-types/-/vscode-languageserver-types-3.17.0-next.9.tgz"
    "version" "3.17.0-next.9"
  
  "vscode-uri@^3.0.3":
    "integrity" "sha512-EcswR2S8bpR7fD0YPeS7r2xXExrScVMxg4MedACaWHEtx9ftCF/qHG1xGkolzTPcEmjTavCQgbVzHUIdTMzFGA=="
    "resolved" "https://registry.npmjs.org/vscode-uri/-/vscode-uri-3.0.3.tgz"
    "version" "3.0.3"
  
  "vue-chart-3@^3.1.8":
    "integrity" "sha512-zX5ajjQi/PocEqLETlej3vp92q/tnI/Fvu2RVb++Kap8qOrXu6PXCpodi73BFrWzEGZIAnqoUxC3OIkRWD657g=="
    "resolved" "https://registry.npmjs.org/vue-chart-3/-/vue-chart-3-3.1.8.tgz"
    "version" "3.1.8"
    dependencies:
      "@vue/runtime-core" "latest"
      "@vue/runtime-dom" "latest"
      "csstype" "latest"
      "lodash-es" "latest"
  
  "vue-demi@*":
    "integrity" "sha512-BREuTgTYlUr0zw0EZn3hnhC3I6gPWv+Kwh4MCih6QcAeaTlaIX0DwOVN0wHej7hSvDPecz4jygy/idsgKfW58Q=="
    "resolved" "https://registry.npmjs.org/vue-demi/-/vue-demi-0.12.5.tgz"
    "version" "0.12.5"
  
  "vue-grid-layout@3.0.0-beta1":
    "integrity" "sha512-MsW0yfYNtnAO/uDhfZvkP6effxSJxvhAFbIL37x6Rn3vW9xf0WHVefKaSbQMLpSq3mXnR6ut0pg2Cd5lqIIZzg=="
    "resolved" "https://registry.npmjs.org/vue-grid-layout/-/vue-grid-layout-3.0.0-beta1.tgz"
    "version" "3.0.0-beta1"
    dependencies:
      "@interactjs/actions" "^1.10.2"
      "@interactjs/auto-start" "^1.10.2"
      "@interactjs/dev-tools" "^1.10.2"
      "@interactjs/interactjs" "^1.10.2"
      "@interactjs/modifiers" "^1.10.2"
      "element-resize-detector" "^1.2.1"
      "mitt" "^2.1.0"
  
  "vue-i18n@^9.1.0", "vue-i18n@^9.2.0-beta.34":
    "integrity" "sha512-kTYzZSB3B/ar3M9RfQ0KAyTGfvRw544qVzY++/sNV4stOKG6NxIDOdHdYTfVEXTSkczFwoZHTKXTWNVpx+GuHA=="
    "resolved" "https://registry.npmjs.org/vue-i18n/-/vue-i18n-9.2.0-beta.35.tgz"
    "version" "9.2.0-beta.35"
    dependencies:
      "@intlify/core-base" "9.2.0-beta.35"
      "@intlify/shared" "9.2.0-beta.35"
      "@intlify/vue-devtools" "9.2.0-beta.35"
      "@vue/devtools-api" "^6.0.0-beta.13"
  
  "vue-router@^4.0.14":
    "integrity" "sha512-wAO6zF9zxA3u+7AkMPqw9LjoUCjSxfFvINQj3E/DceTt6uEz1XZLraDhdg2EYmvVwTBSGlLYsUw8bDmx0754Mw=="
    "resolved" "https://registry.npmjs.org/vue-router/-/vue-router-4.0.14.tgz"
    "version" "4.0.14"
    dependencies:
      "@vue/devtools-api" "^6.0.0"
  
  "vue-tsc@^0.33.9":
    "integrity" "sha512-s/+r4JNsCh4e3MUdsYrjEA8IgPPDzHL5kEah/OznxIHd1XMlYiIkXGdiyU6JE5J+lzXNOKdOlNliqwwpeETQWw=="
    "resolved" "https://registry.npmjs.org/vue-tsc/-/vue-tsc-0.33.9.tgz"
    "version" "0.33.9"
    dependencies:
      "@volar/vue-typescript" "0.33.9"
  
  "vue@^2.6.0 || ^3.2.0", "vue@^3.0.0", "vue@^3.0.0-0 || ^2.6.0", "vue@^3.0.2", "vue@^3.2.0", "vue@^3.2.25", "vue@^3.2.31", "vue@>= 3", "vue@2 || 3", "vue@3.2.33":
    "integrity" "sha512-si1ExAlDUrLSIg/V7D/GgA4twJwfsfgG+t9w10z38HhL/HA07132pUQ2KuwAo8qbCyMJ9e6OqrmWrOCr+jW7ZQ=="
    "resolved" "https://registry.npmjs.org/vue/-/vue-3.2.33.tgz"
    "version" "3.2.33"
    dependencies:
      "@vue/compiler-dom" "3.2.33"
      "@vue/compiler-sfc" "3.2.33"
      "@vue/runtime-dom" "3.2.33"
      "@vue/server-renderer" "3.2.33"
      "@vue/shared" "3.2.33"
  
  "vuex@^4.0.2":
    "integrity" "sha512-M6r8uxELjZIK8kTKDGgZTYX/ahzblnzC4isU1tpmEuOIIKmV+TRdc+H4s8ds2NuZ7wpUTdGRzJRtoj+lI+pc0Q=="
    "resolved" "https://registry.npmjs.org/vuex/-/vuex-4.0.2.tgz"
    "version" "4.0.2"
    dependencies:
      "@vue/devtools-api" "^6.0.0-beta.11"
  
  "webidl-conversions@^3.0.0":
    "integrity" "sha1-JFNCdeKnvGvnvIZhHMFq4KVlSHE="
    "resolved" "https://registry.npmjs.org/webidl-conversions/-/webidl-conversions-3.0.1.tgz"
    "version" "3.0.1"
  
  "webpack-virtual-modules@^0.4.3":
    "integrity" "sha512-5NUqC2JquIL2pBAAo/VfBP6KuGkHIZQXW/lNKupLPfhViwh8wNsu0BObtl09yuKZszeEUfbXz8xhrHvSG16Nqw=="
    "resolved" "https://registry.npmjs.org/webpack-virtual-modules/-/webpack-virtual-modules-0.4.3.tgz"
    "version" "0.4.3"
  
  "whatwg-url@^5.0.0":
    "integrity" "sha1-lmRU6HZUYuN2RNNib2dCzotwll0="
    "resolved" "https://registry.npmjs.org/whatwg-url/-/whatwg-url-5.0.0.tgz"
    "version" "5.0.0"
    dependencies:
      "tr46" "~0.0.3"
      "webidl-conversions" "^3.0.0"
  
  "xtend@^4.0.2":
    "integrity" "sha512-LKYU1iAXJXUgAXn9URjiu+MWhyUXHsvfp7mcuYm9dSUKK0/CjtrUwFAxD82/mCWbtLsGjFIad0wIsod4zrTAEQ=="
    "resolved" "https://registry.npmjs.org/xtend/-/xtend-4.0.2.tgz"
    "version" "4.0.2"
  
  "yaml-eslint-parser@^0.3.2":
    "integrity" "sha512-32kYO6kJUuZzqte82t4M/gB6/+11WAuHiEnK7FreMo20xsCKPeFH5tDBU7iWxR7zeJpNnMXfJyXwne48D0hGrg=="
    "resolved" "https://registry.npmjs.org/yaml-eslint-parser/-/yaml-eslint-parser-0.3.2.tgz"
    "version" "0.3.2"
    dependencies:
      "eslint-visitor-keys" "^1.3.0"
      "lodash" "^4.17.20"
      "yaml" "^1.10.0"
  
  "yaml@^1.10.0", "yaml@^1.10.2":
    "integrity" "sha512-r3vXyErRCYJ7wg28yvBY5VSoAF8ZvlcW9/BwUzEtUsjvX/DKs24dIkuwjtuprwJJHsbyUbLApepYTR1BN4uHrg=="
    "resolved" "https://registry.npmjs.org/yaml/-/yaml-1.10.2.tgz"
    "version" "1.10.2"
